Arguments: 
  /Users/dxc2762/.nvm/versions/node/v8.9.0/bin/node /usr/local/Cellar/yarn/1.22.4/libexec/bin/yarn.js

PATH: 
  /Users/dxc2762/google-cloud-sdk/bin:/Users/dxc2762/.nvm/versions/node/v8.9.0/bin:/usr/local/bin:/usr/bin:/bin:/usr/sbin:/sbin:/Library/Apple/usr/bin

Yarn version: 
  1.22.4

Node version: 
  8.9.0

Platform: 
  darwin x64

Trace: 
  Error: getaddrinfo ENOTFOUND npm.artifactory.homedepot.com npm.artifactory.homedepot.com:443
      at errnoException (dns.js:50:10)
      at GetAddrInfoReqWrap.onlookup [as oncomplete] (dns.js:92:26)

npm manifest: 
  {
    "name": "vgdt-admin",
    "version": "0.1.0",
    "private": true,
    "dependencies": {
      "@fortawesome/fontawesome-free": "^5.13.1",
      "@material-ui/core": "^4.11.0",
      "@testing-library/jest-dom": "^4.2.4",
      "@testing-library/react": "^9.3.2",
      "@testing-library/user-event": "^7.1.2",
      "bootstrap": "^4.5.0",
      "chart.js": "^2.9.3",
      "node-sass": "^4.14.1",
      "react": "^16.13.1",
      "react-chartjs-2": "^2.9.0",
      "react-dom": "^16.13.1",
      "react-router-dom": "^5.2.0",
      "react-scripts": "3.4.1"
    },
    "scripts": {
      "start": "react-scripts start",
      "build": "react-scripts build",
      "test": "react-scripts test",
      "eject": "react-scripts eject"
    },
    "eslintConfig": {
      "extends": "react-app"
    },
    "browserslist": {
      "production": [
        ">0.2%",
        "not dead",
        "not op_mini all"
      ],
      "development": [
        "last 1 chrome version",
        "last 1 firefox version",
        "last 1 safari version"
      ]
    }
  }

yarn manifest: 
  No manifest

Lockfile: 
  No lockfile
