CRITICAL - 2020-07-12 11:14:24 --> There is no data to update.
#0 /Users/dxc2762/Documents/gitHub/vgdt-admin/system/Model.php(809): CodeIgniter\Database\Exceptions\DataException::forEmptyDataset('update')
#1 /Users/dxc2762/Documents/gitHub/vgdt-admin/app/Controllers/Users.php(31): CodeIgniter\Model->update(Array, NULL)
#2 /Users/dxc2762/Documents/gitHub/vgdt-admin/system/CodeIgniter.php(914): App\Controllers\Users->getById('1')
#3 /Users/dxc2762/Documents/gitHub/vgdt-admin/system/CodeIgniter.php(400): CodeIgniter\CodeIgniter->runController(Object(App\Controllers\Users))
#4 /Users/dxc2762/Documents/gitHub/vgdt-admin/system/CodeIgniter.php(308): CodeIgniter\CodeIgniter->handleRequest(NULL, Object(Config\Cache), false)
#5 /Users/dxc2762/Documents/gitHub/vgdt-admin/public/index.php(45): CodeIgniter\CodeIgniter->run()
#6 {main}
CRITICAL - 2020-07-12 11:16:44 --> There is no data to update.
#0 /Users/dxc2762/Documents/gitHub/vgdt-admin/system/Model.php(809): CodeIgniter\Database\Exceptions\DataException::forEmptyDataset('update')
#1 /Users/dxc2762/Documents/gitHub/vgdt-admin/app/Controllers/Users.php(32): CodeIgniter\Model->update(Array, NULL)
#2 /Users/dxc2762/Documents/gitHub/vgdt-admin/system/CodeIgniter.php(914): App\Controllers\Users->getById('1')
#3 /Users/dxc2762/Documents/gitHub/vgdt-admin/system/CodeIgniter.php(400): CodeIgniter\CodeIgniter->runController(Object(App\Controllers\Users))
#4 /Users/dxc2762/Documents/gitHub/vgdt-admin/system/CodeIgniter.php(308): CodeIgniter\CodeIgniter->handleRequest(NULL, Object(Config\Cache), false)
#5 /Users/dxc2762/Documents/gitHub/vgdt-admin/public/index.php(45): CodeIgniter\CodeIgniter->run()
#6 {main}
CRITICAL - 2020-07-12 11:26:42 --> syntax error, unexpected '$method' (T_VARIABLE)
#0 /Users/dxc2762/Documents/gitHub/vgdt-admin/system/Router/Router.php(192): CodeIgniter\Router\Router->autoRoute('users')
#1 /Users/dxc2762/Documents/gitHub/vgdt-admin/system/CodeIgniter.php(789): CodeIgniter\Router\Router->handle('users')
#2 /Users/dxc2762/Documents/gitHub/vgdt-admin/system/CodeIgniter.php(360): CodeIgniter\CodeIgniter->tryToRouteIt(Object(CodeIgniter\Router\RouteCollection))
#3 /Users/dxc2762/Documents/gitHub/vgdt-admin/system/CodeIgniter.php(308): CodeIgniter\CodeIgniter->handleRequest(NULL, Object(Config\Cache), false)
#4 /Users/dxc2762/Documents/gitHub/vgdt-admin/public/index.php(45): CodeIgniter\CodeIgniter->run()
#5 {main}
CRITICAL - 2020-07-12 11:26:54 --> syntax error, unexpected '$method' (T_VARIABLE)
#0 /Users/dxc2762/Documents/gitHub/vgdt-admin/system/Router/Router.php(192): CodeIgniter\Router\Router->autoRoute('users')
#1 /Users/dxc2762/Documents/gitHub/vgdt-admin/system/CodeIgniter.php(789): CodeIgniter\Router\Router->handle('users')
#2 /Users/dxc2762/Documents/gitHub/vgdt-admin/system/CodeIgniter.php(360): CodeIgniter\CodeIgniter->tryToRouteIt(Object(CodeIgniter\Router\RouteCollection))
#3 /Users/dxc2762/Documents/gitHub/vgdt-admin/system/CodeIgniter.php(308): CodeIgniter\CodeIgniter->handleRequest(NULL, Object(Config\Cache), false)
#4 /Users/dxc2762/Documents/gitHub/vgdt-admin/public/index.php(45): CodeIgniter\CodeIgniter->run()
#5 {main}
CRITICAL - 2020-07-12 11:27:07 --> syntax error, unexpected '$method' (T_VARIABLE)
#0 /Users/dxc2762/Documents/gitHub/vgdt-admin/system/Router/Router.php(192): CodeIgniter\Router\Router->autoRoute('users')
#1 /Users/dxc2762/Documents/gitHub/vgdt-admin/system/CodeIgniter.php(789): CodeIgniter\Router\Router->handle('users')
#2 /Users/dxc2762/Documents/gitHub/vgdt-admin/system/CodeIgniter.php(360): CodeIgniter\CodeIgniter->tryToRouteIt(Object(CodeIgniter\Router\RouteCollection))
#3 /Users/dxc2762/Documents/gitHub/vgdt-admin/system/CodeIgniter.php(308): CodeIgniter\CodeIgniter->handleRequest(NULL, Object(Config\Cache), false)
#4 /Users/dxc2762/Documents/gitHub/vgdt-admin/public/index.php(45): CodeIgniter\CodeIgniter->run()
#5 {main}
CRITICAL - 2020-07-12 11:27:23 --> syntax error, unexpected '$method' (T_VARIABLE)
#0 /Users/dxc2762/Documents/gitHub/vgdt-admin/system/Router/Router.php(192): CodeIgniter\Router\Router->autoRoute('users')
#1 /Users/dxc2762/Documents/gitHub/vgdt-admin/system/CodeIgniter.php(789): CodeIgniter\Router\Router->handle('users')
#2 /Users/dxc2762/Documents/gitHub/vgdt-admin/system/CodeIgniter.php(360): CodeIgniter\CodeIgniter->tryToRouteIt(Object(CodeIgniter\Router\RouteCollection))
#3 /Users/dxc2762/Documents/gitHub/vgdt-admin/system/CodeIgniter.php(308): CodeIgniter\CodeIgniter->handleRequest(NULL, Object(Config\Cache), false)
#4 /Users/dxc2762/Documents/gitHub/vgdt-admin/public/index.php(45): CodeIgniter\CodeIgniter->run()
#5 {main}
CRITICAL - 2020-07-12 11:27:41 --> Call to undefined method App\Controllers\Users::request()
#0 /Users/dxc2762/Documents/gitHub/vgdt-admin/system/CodeIgniter.php(914): App\Controllers\Users->index()
#1 /Users/dxc2762/Documents/gitHub/vgdt-admin/system/CodeIgniter.php(400): CodeIgniter\CodeIgniter->runController(Object(App\Controllers\Users))
#2 /Users/dxc2762/Documents/gitHub/vgdt-admin/system/CodeIgniter.php(308): CodeIgniter\CodeIgniter->handleRequest(NULL, Object(Config\Cache), false)
#3 /Users/dxc2762/Documents/gitHub/vgdt-admin/public/index.php(45): CodeIgniter\CodeIgniter->run()
#4 {main}
CRITICAL - 2020-07-12 11:30:18 --> syntax error, unexpected 'switch' (T_SWITCH)
#0 /Users/dxc2762/Documents/gitHub/vgdt-admin/system/Router/Router.php(192): CodeIgniter\Router\Router->autoRoute('users')
#1 /Users/dxc2762/Documents/gitHub/vgdt-admin/system/CodeIgniter.php(789): CodeIgniter\Router\Router->handle('users')
#2 /Users/dxc2762/Documents/gitHub/vgdt-admin/system/CodeIgniter.php(360): CodeIgniter\CodeIgniter->tryToRouteIt(Object(CodeIgniter\Router\RouteCollection))
#3 /Users/dxc2762/Documents/gitHub/vgdt-admin/system/CodeIgniter.php(308): CodeIgniter\CodeIgniter->handleRequest(NULL, Object(Config\Cache), false)
#4 /Users/dxc2762/Documents/gitHub/vgdt-admin/public/index.php(45): CodeIgniter\CodeIgniter->run()
#5 {main}
CRITICAL - 2020-07-12 11:31:08 --> json_encode() expects parameter 2 to be int, array given
#0 [internal function]: CodeIgniter\Debug\Exceptions->errorHandler(2, 'json_encode() e...', '/Users/dxc2762/...', 28, Array)
#1 /Users/dxc2762/Documents/gitHub/vgdt-admin/app/Controllers/Users.php(28): json_encode(Object(stdClass), Array)
#2 /Users/dxc2762/Documents/gitHub/vgdt-admin/system/CodeIgniter.php(914): App\Controllers\Users->index()
#3 /Users/dxc2762/Documents/gitHub/vgdt-admin/system/CodeIgniter.php(400): CodeIgniter\CodeIgniter->runController(Object(App\Controllers\Users))
#4 /Users/dxc2762/Documents/gitHub/vgdt-admin/system/CodeIgniter.php(308): CodeIgniter\CodeIgniter->handleRequest(NULL, Object(Config\Cache), false)
#5 /Users/dxc2762/Documents/gitHub/vgdt-admin/public/index.php(45): CodeIgniter\CodeIgniter->run()
#6 {main}
CRITICAL - 2020-07-12 11:34:50 --> There is no data to update.
#0 /Users/dxc2762/Documents/gitHub/vgdt-admin/system/Model.php(809): CodeIgniter\Database\Exceptions\DataException::forEmptyDataset('update')
#1 /Users/dxc2762/Documents/gitHub/vgdt-admin/app/Controllers/Users.php(26): CodeIgniter\Model->update(Object(stdClass))
#2 /Users/dxc2762/Documents/gitHub/vgdt-admin/system/CodeIgniter.php(914): App\Controllers\Users->index()
#3 /Users/dxc2762/Documents/gitHub/vgdt-admin/system/CodeIgniter.php(400): CodeIgniter\CodeIgniter->runController(Object(App\Controllers\Users))
#4 /Users/dxc2762/Documents/gitHub/vgdt-admin/system/CodeIgniter.php(308): CodeIgniter\CodeIgniter->handleRequest(NULL, Object(Config\Cache), false)
#5 /Users/dxc2762/Documents/gitHub/vgdt-admin/public/index.php(45): CodeIgniter\CodeIgniter->run()
#6 {main}
CRITICAL - 2020-07-12 11:35:01 --> There is no data to update.
#0 /Users/dxc2762/Documents/gitHub/vgdt-admin/system/Model.php(809): CodeIgniter\Database\Exceptions\DataException::forEmptyDataset('update')
#1 /Users/dxc2762/Documents/gitHub/vgdt-admin/app/Controllers/Users.php(26): CodeIgniter\Model->update(Object(stdClass))
#2 /Users/dxc2762/Documents/gitHub/vgdt-admin/system/CodeIgniter.php(914): App\Controllers\Users->index()
#3 /Users/dxc2762/Documents/gitHub/vgdt-admin/system/CodeIgniter.php(400): CodeIgniter\CodeIgniter->runController(Object(App\Controllers\Users))
#4 /Users/dxc2762/Documents/gitHub/vgdt-admin/system/CodeIgniter.php(308): CodeIgniter\CodeIgniter->handleRequest(NULL, Object(Config\Cache), false)
#5 /Users/dxc2762/Documents/gitHub/vgdt-admin/public/index.php(45): CodeIgniter\CodeIgniter->run()
#6 {main}
CRITICAL - 2020-07-12 11:35:25 --> There is no data to update.
#0 /Users/dxc2762/Documents/gitHub/vgdt-admin/system/Model.php(809): CodeIgniter\Database\Exceptions\DataException::forEmptyDataset('update')
#1 /Users/dxc2762/Documents/gitHub/vgdt-admin/app/Controllers/Users.php(26): CodeIgniter\Model->update(Object(stdClass))
#2 /Users/dxc2762/Documents/gitHub/vgdt-admin/system/CodeIgniter.php(914): App\Controllers\Users->index()
#3 /Users/dxc2762/Documents/gitHub/vgdt-admin/system/CodeIgniter.php(400): CodeIgniter\CodeIgniter->runController(Object(App\Controllers\Users))
#4 /Users/dxc2762/Documents/gitHub/vgdt-admin/system/CodeIgniter.php(308): CodeIgniter\CodeIgniter->handleRequest(NULL, Object(Config\Cache), false)
#5 /Users/dxc2762/Documents/gitHub/vgdt-admin/public/index.php(45): CodeIgniter\CodeIgniter->run()
#6 {main}
CRITICAL - 2020-07-12 11:41:06 --> syntax error, unexpected '}'
#0 /Users/dxc2762/Documents/gitHub/vgdt-admin/system/Router/Router.php(192): CodeIgniter\Router\Router->autoRoute('users')
#1 /Users/dxc2762/Documents/gitHub/vgdt-admin/system/CodeIgniter.php(789): CodeIgniter\Router\Router->handle('users')
#2 /Users/dxc2762/Documents/gitHub/vgdt-admin/system/CodeIgniter.php(360): CodeIgniter\CodeIgniter->tryToRouteIt(Object(CodeIgniter\Router\RouteCollection))
#3 /Users/dxc2762/Documents/gitHub/vgdt-admin/system/CodeIgniter.php(308): CodeIgniter\CodeIgniter->handleRequest(NULL, Object(Config\Cache), false)
#4 /Users/dxc2762/Documents/gitHub/vgdt-admin/public/index.php(45): CodeIgniter\CodeIgniter->run()
#5 {main}
CRITICAL - 2020-07-12 11:41:21 --> Using $this when not in object context
#0 /Users/dxc2762/Documents/gitHub/vgdt-admin/app/Controllers/Users.php(35): App\Controllers\handleRequest()
#1 /Users/dxc2762/Documents/gitHub/vgdt-admin/system/CodeIgniter.php(914): App\Controllers\Users->index()
#2 /Users/dxc2762/Documents/gitHub/vgdt-admin/system/CodeIgniter.php(400): CodeIgniter\CodeIgniter->runController(Object(App\Controllers\Users))
#3 /Users/dxc2762/Documents/gitHub/vgdt-admin/system/CodeIgniter.php(308): CodeIgniter\CodeIgniter->handleRequest(NULL, Object(Config\Cache), false)
#4 /Users/dxc2762/Documents/gitHub/vgdt-admin/public/index.php(45): CodeIgniter\CodeIgniter->run()
#5 {main}
CRITICAL - 2020-07-12 11:41:57 --> Using $this when not in object context
#0 /Users/dxc2762/Documents/gitHub/vgdt-admin/app/Controllers/Users.php(35): App\Controllers\handleRequest(Object(App\Models\UserModel))
#1 /Users/dxc2762/Documents/gitHub/vgdt-admin/system/CodeIgniter.php(914): App\Controllers\Users->index()
#2 /Users/dxc2762/Documents/gitHub/vgdt-admin/system/CodeIgniter.php(400): CodeIgniter\CodeIgniter->runController(Object(App\Controllers\Users))
#3 /Users/dxc2762/Documents/gitHub/vgdt-admin/system/CodeIgniter.php(308): CodeIgniter\CodeIgniter->handleRequest(NULL, Object(Config\Cache), false)
#4 /Users/dxc2762/Documents/gitHub/vgdt-admin/public/index.php(45): CodeIgniter\CodeIgniter->run()
#5 {main}
CRITICAL - 2020-07-12 11:41:59 --> Using $this when not in object context
#0 /Users/dxc2762/Documents/gitHub/vgdt-admin/app/Controllers/Users.php(35): App\Controllers\handleRequest(Object(App\Models\UserModel))
#1 /Users/dxc2762/Documents/gitHub/vgdt-admin/system/CodeIgniter.php(914): App\Controllers\Users->index()
#2 /Users/dxc2762/Documents/gitHub/vgdt-admin/system/CodeIgniter.php(400): CodeIgniter\CodeIgniter->runController(Object(App\Controllers\Users))
#3 /Users/dxc2762/Documents/gitHub/vgdt-admin/system/CodeIgniter.php(308): CodeIgniter\CodeIgniter->handleRequest(NULL, Object(Config\Cache), false)
#4 /Users/dxc2762/Documents/gitHub/vgdt-admin/public/index.php(45): CodeIgniter\CodeIgniter->run()
#5 {main}
CRITICAL - 2020-07-12 11:48:07 --> syntax error, unexpected 'getUsers' (T_STRING), expecting function (T_FUNCTION) or const (T_CONST)
#0 /Users/dxc2762/Documents/gitHub/vgdt-admin/system/Autoloader/Autoloader.php(296): CodeIgniter\Autoloader\Autoloader->requireFile('/Users/dxc2762/...')
#1 /Users/dxc2762/Documents/gitHub/vgdt-admin/system/Autoloader/Autoloader.php(258): CodeIgniter\Autoloader\Autoloader->loadInNamespace('App\\Services\\Us...')
#2 [internal function]: CodeIgniter\Autoloader\Autoloader->loadClass('App\\Services\\Us...')
#3 /Users/dxc2762/Documents/gitHub/vgdt-admin/app/Controllers/Users.php(8): spl_autoload_call('App\\Services\\Us...')
#4 /Users/dxc2762/Documents/gitHub/vgdt-admin/system/Router/Router.php(575): include_once('/Users/dxc2762/...')
#5 /Users/dxc2762/Documents/gitHub/vgdt-admin/system/Router/Router.php(192): CodeIgniter\Router\Router->autoRoute('users')
#6 /Users/dxc2762/Documents/gitHub/vgdt-admin/system/CodeIgniter.php(789): CodeIgniter\Router\Router->handle('users')
#7 /Users/dxc2762/Documents/gitHub/vgdt-admin/system/CodeIgniter.php(360): CodeIgniter\CodeIgniter->tryToRouteIt(Object(CodeIgniter\Router\RouteCollection))
#8 /Users/dxc2762/Documents/gitHub/vgdt-admin/system/CodeIgniter.php(308): CodeIgniter\CodeIgniter->handleRequest(NULL, Object(Config\Cache), false)
#9 /Users/dxc2762/Documents/gitHub/vgdt-admin/public/index.php(45): CodeIgniter\CodeIgniter->run()
#10 {main}
CRITICAL - 2020-07-12 11:48:19 --> syntax error, unexpected 'getUsers' (T_STRING), expecting function (T_FUNCTION) or const (T_CONST)
#0 /Users/dxc2762/Documents/gitHub/vgdt-admin/system/Autoloader/Autoloader.php(296): CodeIgniter\Autoloader\Autoloader->requireFile('/Users/dxc2762/...')
#1 /Users/dxc2762/Documents/gitHub/vgdt-admin/system/Autoloader/Autoloader.php(258): CodeIgniter\Autoloader\Autoloader->loadInNamespace('App\\Services\\Us...')
#2 [internal function]: CodeIgniter\Autoloader\Autoloader->loadClass('App\\Services\\Us...')
#3 /Users/dxc2762/Documents/gitHub/vgdt-admin/app/Controllers/Users.php(14): spl_autoload_call('App\\Services\\Us...')
#4 /Users/dxc2762/Documents/gitHub/vgdt-admin/system/CodeIgniter.php(914): App\Controllers\Users->index()
#5 /Users/dxc2762/Documents/gitHub/vgdt-admin/system/CodeIgniter.php(400): CodeIgniter\CodeIgniter->runController(Object(App\Controllers\Users))
#6 /Users/dxc2762/Documents/gitHub/vgdt-admin/system/CodeIgniter.php(308): CodeIgniter\CodeIgniter->handleRequest(NULL, Object(Config\Cache), false)
#7 /Users/dxc2762/Documents/gitHub/vgdt-admin/public/index.php(45): CodeIgniter\CodeIgniter->run()
#8 {main}
CRITICAL - 2020-07-12 11:48:21 --> syntax error, unexpected 'getUsers' (T_STRING), expecting function (T_FUNCTION) or const (T_CONST)
#0 /Users/dxc2762/Documents/gitHub/vgdt-admin/system/Autoloader/Autoloader.php(296): CodeIgniter\Autoloader\Autoloader->requireFile('/Users/dxc2762/...')
#1 /Users/dxc2762/Documents/gitHub/vgdt-admin/system/Autoloader/Autoloader.php(258): CodeIgniter\Autoloader\Autoloader->loadInNamespace('App\\Services\\Us...')
#2 [internal function]: CodeIgniter\Autoloader\Autoloader->loadClass('App\\Services\\Us...')
#3 /Users/dxc2762/Documents/gitHub/vgdt-admin/app/Controllers/Users.php(14): spl_autoload_call('App\\Services\\Us...')
#4 /Users/dxc2762/Documents/gitHub/vgdt-admin/system/CodeIgniter.php(914): App\Controllers\Users->index()
#5 /Users/dxc2762/Documents/gitHub/vgdt-admin/system/CodeIgniter.php(400): CodeIgniter\CodeIgniter->runController(Object(App\Controllers\Users))
#6 /Users/dxc2762/Documents/gitHub/vgdt-admin/system/CodeIgniter.php(308): CodeIgniter\CodeIgniter->handleRequest(NULL, Object(Config\Cache), false)
#7 /Users/dxc2762/Documents/gitHub/vgdt-admin/public/index.php(45): CodeIgniter\CodeIgniter->run()
#8 {main}
CRITICAL - 2020-07-12 11:53:46 --> Call to undefined function App\Controllers\getUser()
#0 /Users/dxc2762/Documents/gitHub/vgdt-admin/system/CodeIgniter.php(914): App\Controllers\Users->index()
#1 /Users/dxc2762/Documents/gitHub/vgdt-admin/system/CodeIgniter.php(400): CodeIgniter\CodeIgniter->runController(Object(App\Controllers\Users))
#2 /Users/dxc2762/Documents/gitHub/vgdt-admin/system/CodeIgniter.php(308): CodeIgniter\CodeIgniter->handleRequest(NULL, Object(Config\Cache), false)
#3 /Users/dxc2762/Documents/gitHub/vgdt-admin/public/index.php(45): CodeIgniter\CodeIgniter->run()
#4 {main}
CRITICAL - 2020-07-12 11:54:23 --> Object of class App\Services\UserService could not be converted to string
#0 /Users/dxc2762/Documents/gitHub/vgdt-admin/system/CodeIgniter.php(914): App\Controllers\Users->index()
#1 /Users/dxc2762/Documents/gitHub/vgdt-admin/system/CodeIgniter.php(400): CodeIgniter\CodeIgniter->runController(Object(App\Controllers\Users))
#2 /Users/dxc2762/Documents/gitHub/vgdt-admin/system/CodeIgniter.php(308): CodeIgniter\CodeIgniter->handleRequest(NULL, Object(Config\Cache), false)
#3 /Users/dxc2762/Documents/gitHub/vgdt-admin/public/index.php(45): CodeIgniter\CodeIgniter->run()
#4 {main}
CRITICAL - 2020-07-12 11:55:37 --> Call to undefined function App\Controllers\getUsers()
#0 /Users/dxc2762/Documents/gitHub/vgdt-admin/system/CodeIgniter.php(914): App\Controllers\Users->index()
#1 /Users/dxc2762/Documents/gitHub/vgdt-admin/system/CodeIgniter.php(400): CodeIgniter\CodeIgniter->runController(Object(App\Controllers\Users))
#2 /Users/dxc2762/Documents/gitHub/vgdt-admin/system/CodeIgniter.php(308): CodeIgniter\CodeIgniter->handleRequest(NULL, Object(Config\Cache), false)
#3 /Users/dxc2762/Documents/gitHub/vgdt-admin/public/index.php(45): CodeIgniter\CodeIgniter->run()
#4 {main}
CRITICAL - 2020-07-12 11:55:37 --> Call to undefined function App\Controllers\getUsers()
#0 /Users/dxc2762/Documents/gitHub/vgdt-admin/system/CodeIgniter.php(914): App\Controllers\Users->index()
#1 /Users/dxc2762/Documents/gitHub/vgdt-admin/system/CodeIgniter.php(400): CodeIgniter\CodeIgniter->runController(Object(App\Controllers\Users))
#2 /Users/dxc2762/Documents/gitHub/vgdt-admin/system/CodeIgniter.php(308): CodeIgniter\CodeIgniter->handleRequest(NULL, Object(Config\Cache), false)
#3 /Users/dxc2762/Documents/gitHub/vgdt-admin/public/index.php(45): CodeIgniter\CodeIgniter->run()
#4 {main}
CRITICAL - 2020-07-12 12:02:17 --> syntax error, unexpected 'return' (T_RETURN)
#0 /Users/dxc2762/Documents/gitHub/vgdt-admin/system/Autoloader/Autoloader.php(296): CodeIgniter\Autoloader\Autoloader->requireFile('/Users/dxc2762/...')
#1 /Users/dxc2762/Documents/gitHub/vgdt-admin/system/Autoloader/Autoloader.php(258): CodeIgniter\Autoloader\Autoloader->loadInNamespace('App\\Services\\Us...')
#2 [internal function]: CodeIgniter\Autoloader\Autoloader->loadClass('App\\Services\\Us...')
#3 /Users/dxc2762/Documents/gitHub/vgdt-admin/app/Controllers/Users.php(14): spl_autoload_call('App\\Services\\Us...')
#4 /Users/dxc2762/Documents/gitHub/vgdt-admin/system/CodeIgniter.php(914): App\Controllers\Users->index()
#5 /Users/dxc2762/Documents/gitHub/vgdt-admin/system/CodeIgniter.php(400): CodeIgniter\CodeIgniter->runController(Object(App\Controllers\Users))
#6 /Users/dxc2762/Documents/gitHub/vgdt-admin/system/CodeIgniter.php(308): CodeIgniter\CodeIgniter->handleRequest(NULL, Object(Config\Cache), false)
#7 /Users/dxc2762/Documents/gitHub/vgdt-admin/public/index.php(45): CodeIgniter\CodeIgniter->run()
#8 {main}
CRITICAL - 2020-07-12 12:02:49 --> syntax error, unexpected 'echo' (T_ECHO)
#0 /Users/dxc2762/Documents/gitHub/vgdt-admin/system/Autoloader/Autoloader.php(296): CodeIgniter\Autoloader\Autoloader->requireFile('/Users/dxc2762/...')
#1 /Users/dxc2762/Documents/gitHub/vgdt-admin/system/Autoloader/Autoloader.php(258): CodeIgniter\Autoloader\Autoloader->loadInNamespace('App\\Services\\Us...')
#2 [internal function]: CodeIgniter\Autoloader\Autoloader->loadClass('App\\Services\\Us...')
#3 /Users/dxc2762/Documents/gitHub/vgdt-admin/app/Controllers/Users.php(14): spl_autoload_call('App\\Services\\Us...')
#4 /Users/dxc2762/Documents/gitHub/vgdt-admin/system/CodeIgniter.php(914): App\Controllers\Users->index()
#5 /Users/dxc2762/Documents/gitHub/vgdt-admin/system/CodeIgniter.php(400): CodeIgniter\CodeIgniter->runController(Object(App\Controllers\Users))
#6 /Users/dxc2762/Documents/gitHub/vgdt-admin/system/CodeIgniter.php(308): CodeIgniter\CodeIgniter->handleRequest(NULL, Object(Config\Cache), false)
#7 /Users/dxc2762/Documents/gitHub/vgdt-admin/public/index.php(45): CodeIgniter\CodeIgniter->run()
#8 {main}
CRITICAL - 2020-07-12 12:03:29 --> syntax error, unexpected 'echo' (T_ECHO)
#0 /Users/dxc2762/Documents/gitHub/vgdt-admin/system/Autoloader/Autoloader.php(296): CodeIgniter\Autoloader\Autoloader->requireFile('/Users/dxc2762/...')
#1 /Users/dxc2762/Documents/gitHub/vgdt-admin/system/Autoloader/Autoloader.php(258): CodeIgniter\Autoloader\Autoloader->loadInNamespace('App\\Services\\Us...')
#2 [internal function]: CodeIgniter\Autoloader\Autoloader->loadClass('App\\Services\\Us...')
#3 /Users/dxc2762/Documents/gitHub/vgdt-admin/app/Controllers/Users.php(14): spl_autoload_call('App\\Services\\Us...')
#4 /Users/dxc2762/Documents/gitHub/vgdt-admin/system/CodeIgniter.php(914): App\Controllers\Users->index()
#5 /Users/dxc2762/Documents/gitHub/vgdt-admin/system/CodeIgniter.php(400): CodeIgniter\CodeIgniter->runController(Object(App\Controllers\Users))
#6 /Users/dxc2762/Documents/gitHub/vgdt-admin/system/CodeIgniter.php(308): CodeIgniter\CodeIgniter->handleRequest(NULL, Object(Config\Cache), false)
#7 /Users/dxc2762/Documents/gitHub/vgdt-admin/public/index.php(45): CodeIgniter\CodeIgniter->run()
#8 {main}
CRITICAL - 2020-07-12 12:04:42 --> There is no data to update.
#0 /Users/dxc2762/Documents/gitHub/vgdt-admin/system/Model.php(809): CodeIgniter\Database\Exceptions\DataException::forEmptyDataset('update')
#1 /Users/dxc2762/Documents/gitHub/vgdt-admin/app/Services/UserService.php(21): CodeIgniter\Model->update(Array, NULL)
#2 /Users/dxc2762/Documents/gitHub/vgdt-admin/app/Controllers/Users.php(22): App\Services\UserService->updateUserById('2', Object(stdClass))
#3 /Users/dxc2762/Documents/gitHub/vgdt-admin/system/CodeIgniter.php(914): App\Controllers\Users->index()
#4 /Users/dxc2762/Documents/gitHub/vgdt-admin/system/CodeIgniter.php(400): CodeIgniter\CodeIgniter->runController(Object(App\Controllers\Users))
#5 /Users/dxc2762/Documents/gitHub/vgdt-admin/system/CodeIgniter.php(308): CodeIgniter\CodeIgniter->handleRequest(NULL, Object(Config\Cache), false)
#6 /Users/dxc2762/Documents/gitHub/vgdt-admin/public/index.php(45): CodeIgniter\CodeIgniter->run()
#7 {main}
CRITICAL - 2020-07-12 12:05:12 --> There is no data to update.
#0 /Users/dxc2762/Documents/gitHub/vgdt-admin/system/Model.php(809): CodeIgniter\Database\Exceptions\DataException::forEmptyDataset('update')
#1 /Users/dxc2762/Documents/gitHub/vgdt-admin/app/Services/UserService.php(21): CodeIgniter\Model->update(Array, NULL)
#2 /Users/dxc2762/Documents/gitHub/vgdt-admin/app/Controllers/Users.php(22): App\Services\UserService->updateUserById('2', Object(stdClass))
#3 /Users/dxc2762/Documents/gitHub/vgdt-admin/system/CodeIgniter.php(914): App\Controllers\Users->index()
#4 /Users/dxc2762/Documents/gitHub/vgdt-admin/system/CodeIgniter.php(400): CodeIgniter\CodeIgniter->runController(Object(App\Controllers\Users))
#5 /Users/dxc2762/Documents/gitHub/vgdt-admin/system/CodeIgniter.php(308): CodeIgniter\CodeIgniter->handleRequest(NULL, Object(Config\Cache), false)
#6 /Users/dxc2762/Documents/gitHub/vgdt-admin/public/index.php(45): CodeIgniter\CodeIgniter->run()
#7 {main}
CRITICAL - 2020-07-12 12:05:22 --> There is no data to update.
#0 /Users/dxc2762/Documents/gitHub/vgdt-admin/system/Model.php(809): CodeIgniter\Database\Exceptions\DataException::forEmptyDataset('update')
#1 /Users/dxc2762/Documents/gitHub/vgdt-admin/app/Services/UserService.php(21): CodeIgniter\Model->update(Array, NULL)
#2 /Users/dxc2762/Documents/gitHub/vgdt-admin/app/Controllers/Users.php(22): App\Services\UserService->updateUserById('2', Object(stdClass))
#3 /Users/dxc2762/Documents/gitHub/vgdt-admin/system/CodeIgniter.php(914): App\Controllers\Users->index()
#4 /Users/dxc2762/Documents/gitHub/vgdt-admin/system/CodeIgniter.php(400): CodeIgniter\CodeIgniter->runController(Object(App\Controllers\Users))
#5 /Users/dxc2762/Documents/gitHub/vgdt-admin/system/CodeIgniter.php(308): CodeIgniter\CodeIgniter->handleRequest(NULL, Object(Config\Cache), false)
#6 /Users/dxc2762/Documents/gitHub/vgdt-admin/public/index.php(45): CodeIgniter\CodeIgniter->run()
#7 {main}
CRITICAL - 2020-07-12 12:05:35 --> There is no data to update.
#0 /Users/dxc2762/Documents/gitHub/vgdt-admin/system/Model.php(809): CodeIgniter\Database\Exceptions\DataException::forEmptyDataset('update')
#1 /Users/dxc2762/Documents/gitHub/vgdt-admin/app/Services/UserService.php(21): CodeIgniter\Model->update(Array, NULL)
#2 /Users/dxc2762/Documents/gitHub/vgdt-admin/app/Controllers/Users.php(22): App\Services\UserService->updateUserById('2', Object(stdClass))
#3 /Users/dxc2762/Documents/gitHub/vgdt-admin/system/CodeIgniter.php(914): App\Controllers\Users->index()
#4 /Users/dxc2762/Documents/gitHub/vgdt-admin/system/CodeIgniter.php(400): CodeIgniter\CodeIgniter->runController(Object(App\Controllers\Users))
#5 /Users/dxc2762/Documents/gitHub/vgdt-admin/system/CodeIgniter.php(308): CodeIgniter\CodeIgniter->handleRequest(NULL, Object(Config\Cache), false)
#6 /Users/dxc2762/Documents/gitHub/vgdt-admin/public/index.php(45): CodeIgniter\CodeIgniter->run()
#7 {main}
CRITICAL - 2020-07-12 12:09:21 --> json_encode() expects at least 1 parameter, 0 given
#0 [internal function]: CodeIgniter\Debug\Exceptions->errorHandler(2, 'json_encode() e...', '/Users/dxc2762/...', 16, Array)
#1 /Users/dxc2762/Documents/gitHub/vgdt-admin/app/Controllers/Users.php(16): json_encode()
#2 /Users/dxc2762/Documents/gitHub/vgdt-admin/system/CodeIgniter.php(914): App\Controllers\Users->index()
#3 /Users/dxc2762/Documents/gitHub/vgdt-admin/system/CodeIgniter.php(400): CodeIgniter\CodeIgniter->runController(Object(App\Controllers\Users))
#4 /Users/dxc2762/Documents/gitHub/vgdt-admin/system/CodeIgniter.php(308): CodeIgniter\CodeIgniter->handleRequest(NULL, Object(Config\Cache), false)
#5 /Users/dxc2762/Documents/gitHub/vgdt-admin/public/index.php(45): CodeIgniter\CodeIgniter->run()
#6 {main}
CRITICAL - 2020-07-12 12:17:10 --> Object of class CodeIgniter\HTTP\Response could not be converted to string
#0 /Users/dxc2762/Documents/gitHub/vgdt-admin/system/CodeIgniter.php(914): App\Controllers\Users->index()
#1 /Users/dxc2762/Documents/gitHub/vgdt-admin/system/CodeIgniter.php(400): CodeIgniter\CodeIgniter->runController(Object(App\Controllers\Users))
#2 /Users/dxc2762/Documents/gitHub/vgdt-admin/system/CodeIgniter.php(308): CodeIgniter\CodeIgniter->handleRequest(NULL, Object(Config\Cache), false)
#3 /Users/dxc2762/Documents/gitHub/vgdt-admin/public/index.php(45): CodeIgniter\CodeIgniter->run()
#4 {main}
CRITICAL - 2020-07-12 12:32:07 --> Too few arguments to function App\Controllers\Users::byId(), 0 passed in /Users/dxc2762/Documents/gitHub/vgdt-admin/system/CodeIgniter.php on line 914 and exactly 1 expected
#0 /Users/dxc2762/Documents/gitHub/vgdt-admin/system/CodeIgniter.php(914): App\Controllers\Users->byId()
#1 /Users/dxc2762/Documents/gitHub/vgdt-admin/system/CodeIgniter.php(400): CodeIgniter\CodeIgniter->runController(Object(App\Controllers\Users))
#2 /Users/dxc2762/Documents/gitHub/vgdt-admin/system/CodeIgniter.php(308): CodeIgniter\CodeIgniter->handleRequest(NULL, Object(Config\Cache), false)
#3 /Users/dxc2762/Documents/gitHub/vgdt-admin/public/index.php(45): CodeIgniter\CodeIgniter->run()
#4 {main}
CRITICAL - 2020-07-12 13:36:54 --> There is no data to update.
#0 /Users/dxc2762/Documents/gitHub/vgdt-admin/system/Model.php(809): CodeIgniter\Database\Exceptions\DataException::forEmptyDataset('update')
#1 /Users/dxc2762/Documents/gitHub/vgdt-admin/app/Services/UserService.php(36): CodeIgniter\Model->update(Array, NULL)
#2 /Users/dxc2762/Documents/gitHub/vgdt-admin/app/Controllers/Users.php(39): App\Services\UserService->updateUserById('1', NULL)
#3 /Users/dxc2762/Documents/gitHub/vgdt-admin/system/CodeIgniter.php(914): App\Controllers\Users->id('1')
#4 /Users/dxc2762/Documents/gitHub/vgdt-admin/system/CodeIgniter.php(400): CodeIgniter\CodeIgniter->runController(Object(App\Controllers\Users))
#5 /Users/dxc2762/Documents/gitHub/vgdt-admin/system/CodeIgniter.php(308): CodeIgniter\CodeIgniter->handleRequest(NULL, Object(Config\Cache), false)
#6 /Users/dxc2762/Documents/gitHub/vgdt-admin/public/index.php(45): CodeIgniter\CodeIgniter->run()
#7 {main}
CRITICAL - 2020-07-12 13:52:11 --> Too few arguments to function App\Controllers\Users::delete(), 0 passed in /Users/dxc2762/Documents/gitHub/vgdt-admin/system/CodeIgniter.php on line 914 and exactly 1 expected
#0 /Users/dxc2762/Documents/gitHub/vgdt-admin/system/CodeIgniter.php(914): App\Controllers\Users->delete()
#1 /Users/dxc2762/Documents/gitHub/vgdt-admin/system/CodeIgniter.php(400): CodeIgniter\CodeIgniter->runController(Object(App\Controllers\Users))
#2 /Users/dxc2762/Documents/gitHub/vgdt-admin/system/CodeIgniter.php(308): CodeIgniter\CodeIgniter->handleRequest(NULL, Object(Config\Cache), false)
#3 /Users/dxc2762/Documents/gitHub/vgdt-admin/public/index.php(45): CodeIgniter\CodeIgniter->run()
#4 {main}
CRITICAL - 2020-07-12 13:52:22 --> Too few arguments to function App\Controllers\Users::delete(), 0 passed in /Users/dxc2762/Documents/gitHub/vgdt-admin/system/CodeIgniter.php on line 914 and exactly 1 expected
#0 /Users/dxc2762/Documents/gitHub/vgdt-admin/system/CodeIgniter.php(914): App\Controllers\Users->delete()
#1 /Users/dxc2762/Documents/gitHub/vgdt-admin/system/CodeIgniter.php(400): CodeIgniter\CodeIgniter->runController(Object(App\Controllers\Users))
#2 /Users/dxc2762/Documents/gitHub/vgdt-admin/system/CodeIgniter.php(308): CodeIgniter\CodeIgniter->handleRequest(NULL, Object(Config\Cache), false)
#3 /Users/dxc2762/Documents/gitHub/vgdt-admin/public/index.php(45): CodeIgniter\CodeIgniter->run()
#4 {main}
CRITICAL - 2020-07-12 13:52:55 --> Use of undefined constant id - assumed 'id' (this will throw an Error in a future version of PHP)
#0 /Users/dxc2762/Documents/gitHub/vgdt-admin/app/Controllers/Users.php(58): CodeIgniter\Debug\Exceptions->errorHandler(2, 'Use of undefine...', '/Users/dxc2762/...', 58, Array)
#1 /Users/dxc2762/Documents/gitHub/vgdt-admin/system/CodeIgniter.php(914): App\Controllers\Users->delete()
#2 /Users/dxc2762/Documents/gitHub/vgdt-admin/system/CodeIgniter.php(400): CodeIgniter\CodeIgniter->runController(Object(App\Controllers\Users))
#3 /Users/dxc2762/Documents/gitHub/vgdt-admin/system/CodeIgniter.php(308): CodeIgniter\CodeIgniter->handleRequest(NULL, Object(Config\Cache), false)
#4 /Users/dxc2762/Documents/gitHub/vgdt-admin/public/index.php(45): CodeIgniter\CodeIgniter->run()
#5 {main}
CRITICAL - 2020-07-12 13:58:43 --> Call to undefined method stdClass::getVar()
#0 /Users/dxc2762/Documents/gitHub/vgdt-admin/system/CodeIgniter.php(914): App\Controllers\Users->delete()
#1 /Users/dxc2762/Documents/gitHub/vgdt-admin/system/CodeIgniter.php(400): CodeIgniter\CodeIgniter->runController(Object(App\Controllers\Users))
#2 /Users/dxc2762/Documents/gitHub/vgdt-admin/system/CodeIgniter.php(308): CodeIgniter\CodeIgniter->handleRequest(NULL, Object(Config\Cache), false)
#3 /Users/dxc2762/Documents/gitHub/vgdt-admin/public/index.php(45): CodeIgniter\CodeIgniter->run()
#4 {main}
CRITICAL - 2020-07-12 13:58:51 --> Call to undefined method stdClass::getVar()
#0 /Users/dxc2762/Documents/gitHub/vgdt-admin/system/CodeIgniter.php(914): App\Controllers\Users->delete()
#1 /Users/dxc2762/Documents/gitHub/vgdt-admin/system/CodeIgniter.php(400): CodeIgniter\CodeIgniter->runController(Object(App\Controllers\Users))
#2 /Users/dxc2762/Documents/gitHub/vgdt-admin/system/CodeIgniter.php(308): CodeIgniter\CodeIgniter->handleRequest(NULL, Object(Config\Cache), false)
#3 /Users/dxc2762/Documents/gitHub/vgdt-admin/public/index.php(45): CodeIgniter\CodeIgniter->run()
#4 {main}
CRITICAL - 2020-07-12 13:59:54 --> Illegal offset type in isset or empty
#0 /Users/dxc2762/Documents/gitHub/vgdt-admin/system/HTTP/IncomingRequest.php(449): CodeIgniter\Debug\Exceptions->errorHandler(2, 'Illegal offset ...', '/Users/dxc2762/...', 449, Array)
#1 /Users/dxc2762/Documents/gitHub/vgdt-admin/app/Controllers/Users.php(58): CodeIgniter\HTTP\IncomingRequest->getGetPost(Array)
#2 /Users/dxc2762/Documents/gitHub/vgdt-admin/system/CodeIgniter.php(914): App\Controllers\Users->delete()
#3 /Users/dxc2762/Documents/gitHub/vgdt-admin/system/CodeIgniter.php(400): CodeIgniter\CodeIgniter->runController(Object(App\Controllers\Users))
#4 /Users/dxc2762/Documents/gitHub/vgdt-admin/system/CodeIgniter.php(308): CodeIgniter\CodeIgniter->handleRequest(NULL, Object(Config\Cache), false)
#5 /Users/dxc2762/Documents/gitHub/vgdt-admin/public/index.php(45): CodeIgniter\CodeIgniter->run()
#6 {main}
CRITICAL - 2020-07-12 14:00:02 --> Illegal offset type in isset or empty
#0 /Users/dxc2762/Documents/gitHub/vgdt-admin/system/HTTP/IncomingRequest.php(449): CodeIgniter\Debug\Exceptions->errorHandler(2, 'Illegal offset ...', '/Users/dxc2762/...', 449, Array)
#1 /Users/dxc2762/Documents/gitHub/vgdt-admin/app/Controllers/Users.php(58): CodeIgniter\HTTP\IncomingRequest->getGetPost(Array)
#2 /Users/dxc2762/Documents/gitHub/vgdt-admin/system/CodeIgniter.php(914): App\Controllers\Users->delete()
#3 /Users/dxc2762/Documents/gitHub/vgdt-admin/system/CodeIgniter.php(400): CodeIgniter\CodeIgniter->runController(Object(App\Controllers\Users))
#4 /Users/dxc2762/Documents/gitHub/vgdt-admin/system/CodeIgniter.php(308): CodeIgniter\CodeIgniter->handleRequest(NULL, Object(Config\Cache), false)
#5 /Users/dxc2762/Documents/gitHub/vgdt-admin/public/index.php(45): CodeIgniter\CodeIgniter->run()
#6 {main}
CRITICAL - 2020-07-12 14:00:33 --> Call to undefined method stdClass::getGetPost()
#0 /Users/dxc2762/Documents/gitHub/vgdt-admin/system/CodeIgniter.php(914): App\Controllers\Users->delete()
#1 /Users/dxc2762/Documents/gitHub/vgdt-admin/system/CodeIgniter.php(400): CodeIgniter\CodeIgniter->runController(Object(App\Controllers\Users))
#2 /Users/dxc2762/Documents/gitHub/vgdt-admin/system/CodeIgniter.php(308): CodeIgniter\CodeIgniter->handleRequest(NULL, Object(Config\Cache), false)
#3 /Users/dxc2762/Documents/gitHub/vgdt-admin/public/index.php(45): CodeIgniter\CodeIgniter->run()
#4 {main}
CRITICAL - 2020-07-12 14:00:59 --> Call to undefined method stdClass::getVar()
#0 /Users/dxc2762/Documents/gitHub/vgdt-admin/system/CodeIgniter.php(914): App\Controllers\Users->delete()
#1 /Users/dxc2762/Documents/gitHub/vgdt-admin/system/CodeIgniter.php(400): CodeIgniter\CodeIgniter->runController(Object(App\Controllers\Users))
#2 /Users/dxc2762/Documents/gitHub/vgdt-admin/system/CodeIgniter.php(308): CodeIgniter\CodeIgniter->handleRequest(NULL, Object(Config\Cache), false)
#3 /Users/dxc2762/Documents/gitHub/vgdt-admin/public/index.php(45): CodeIgniter\CodeIgniter->run()
#4 {main}
CRITICAL - 2020-07-12 14:01:39 --> Call to undefined method stdClass::getPost()
#0 /Users/dxc2762/Documents/gitHub/vgdt-admin/system/CodeIgniter.php(914): App\Controllers\Users->delete()
#1 /Users/dxc2762/Documents/gitHub/vgdt-admin/system/CodeIgniter.php(400): CodeIgniter\CodeIgniter->runController(Object(App\Controllers\Users))
#2 /Users/dxc2762/Documents/gitHub/vgdt-admin/system/CodeIgniter.php(308): CodeIgniter\CodeIgniter->handleRequest(NULL, Object(Config\Cache), false)
#3 /Users/dxc2762/Documents/gitHub/vgdt-admin/public/index.php(45): CodeIgniter\CodeIgniter->run()
#4 {main}
CRITICAL - 2020-07-12 14:01:49 --> Call to undefined method stdClass::getVar()
#0 /Users/dxc2762/Documents/gitHub/vgdt-admin/system/CodeIgniter.php(914): App\Controllers\Users->delete()
#1 /Users/dxc2762/Documents/gitHub/vgdt-admin/system/CodeIgniter.php(400): CodeIgniter\CodeIgniter->runController(Object(App\Controllers\Users))
#2 /Users/dxc2762/Documents/gitHub/vgdt-admin/system/CodeIgniter.php(308): CodeIgniter\CodeIgniter->handleRequest(NULL, Object(Config\Cache), false)
#3 /Users/dxc2762/Documents/gitHub/vgdt-admin/public/index.php(45): CodeIgniter\CodeIgniter->run()
#4 {main}
CRITICAL - 2020-07-12 14:02:04 --> Cannot use object of type stdClass as array
#0 /Users/dxc2762/Documents/gitHub/vgdt-admin/system/CodeIgniter.php(914): App\Controllers\Users->delete()
#1 /Users/dxc2762/Documents/gitHub/vgdt-admin/system/CodeIgniter.php(400): CodeIgniter\CodeIgniter->runController(Object(App\Controllers\Users))
#2 /Users/dxc2762/Documents/gitHub/vgdt-admin/system/CodeIgniter.php(308): CodeIgniter\CodeIgniter->handleRequest(NULL, Object(Config\Cache), false)
#3 /Users/dxc2762/Documents/gitHub/vgdt-admin/public/index.php(45): CodeIgniter\CodeIgniter->run()
#4 {main}
CRITICAL - 2020-07-12 14:02:14 --> syntax error, unexpected '=>' (T_DOUBLE_ARROW)
#0 /Users/dxc2762/Documents/gitHub/vgdt-admin/system/Router/Router.php(192): CodeIgniter\Router\Router->autoRoute('users/delete')
#1 /Users/dxc2762/Documents/gitHub/vgdt-admin/system/CodeIgniter.php(789): CodeIgniter\Router\Router->handle('users/delete')
#2 /Users/dxc2762/Documents/gitHub/vgdt-admin/system/CodeIgniter.php(360): CodeIgniter\CodeIgniter->tryToRouteIt(Object(CodeIgniter\Router\RouteCollection))
#3 /Users/dxc2762/Documents/gitHub/vgdt-admin/system/CodeIgniter.php(308): CodeIgniter\CodeIgniter->handleRequest(NULL, Object(Config\Cache), false)
#4 /Users/dxc2762/Documents/gitHub/vgdt-admin/public/index.php(45): CodeIgniter\CodeIgniter->run()
#5 {main}
CRITICAL - 2020-07-12 14:02:20 --> syntax error, unexpected '[', expecting identifier (T_STRING) or variable (T_VARIABLE) or '{' or '$'
#0 /Users/dxc2762/Documents/gitHub/vgdt-admin/system/Router/Router.php(192): CodeIgniter\Router\Router->autoRoute('users/delete')
#1 /Users/dxc2762/Documents/gitHub/vgdt-admin/system/CodeIgniter.php(789): CodeIgniter\Router\Router->handle('users/delete')
#2 /Users/dxc2762/Documents/gitHub/vgdt-admin/system/CodeIgniter.php(360): CodeIgniter\CodeIgniter->tryToRouteIt(Object(CodeIgniter\Router\RouteCollection))
#3 /Users/dxc2762/Documents/gitHub/vgdt-admin/system/CodeIgniter.php(308): CodeIgniter\CodeIgniter->handleRequest(NULL, Object(Config\Cache), false)
#4 /Users/dxc2762/Documents/gitHub/vgdt-admin/public/index.php(45): CodeIgniter\CodeIgniter->run()
#5 {main}
CRITICAL - 2020-07-12 14:03:21 --> syntax error, unexpected '[', expecting identifier (T_STRING) or variable (T_VARIABLE) or '{' or '$'
#0 /Users/dxc2762/Documents/gitHub/vgdt-admin/system/Router/Router.php(192): CodeIgniter\Router\Router->autoRoute('users/delete')
#1 /Users/dxc2762/Documents/gitHub/vgdt-admin/system/CodeIgniter.php(789): CodeIgniter\Router\Router->handle('users/delete')
#2 /Users/dxc2762/Documents/gitHub/vgdt-admin/system/CodeIgniter.php(360): CodeIgniter\CodeIgniter->tryToRouteIt(Object(CodeIgniter\Router\RouteCollection))
#3 /Users/dxc2762/Documents/gitHub/vgdt-admin/system/CodeIgniter.php(308): CodeIgniter\CodeIgniter->handleRequest(NULL, Object(Config\Cache), false)
#4 /Users/dxc2762/Documents/gitHub/vgdt-admin/public/index.php(45): CodeIgniter\CodeIgniter->run()
#5 {main}
CRITICAL - 2020-07-12 14:03:28 --> syntax error, unexpected '[', expecting identifier (T_STRING) or variable (T_VARIABLE) or '{' or '$'
#0 /Users/dxc2762/Documents/gitHub/vgdt-admin/system/Router/Router.php(192): CodeIgniter\Router\Router->autoRoute('users/delete')
#1 /Users/dxc2762/Documents/gitHub/vgdt-admin/system/CodeIgniter.php(789): CodeIgniter\Router\Router->handle('users/delete')
#2 /Users/dxc2762/Documents/gitHub/vgdt-admin/system/CodeIgniter.php(360): CodeIgniter\CodeIgniter->tryToRouteIt(Object(CodeIgniter\Router\RouteCollection))
#3 /Users/dxc2762/Documents/gitHub/vgdt-admin/system/CodeIgniter.php(308): CodeIgniter\CodeIgniter->handleRequest(NULL, Object(Config\Cache), false)
#4 /Users/dxc2762/Documents/gitHub/vgdt-admin/public/index.php(45): CodeIgniter\CodeIgniter->run()
#5 {main}
CRITICAL - 2020-07-12 14:04:52 --> syntax error, unexpected '[', expecting identifier (T_STRING) or variable (T_VARIABLE) or '{' or '$'
#0 /Users/dxc2762/Documents/gitHub/vgdt-admin/system/Router/Router.php(192): CodeIgniter\Router\Router->autoRoute('users/delete')
#1 /Users/dxc2762/Documents/gitHub/vgdt-admin/system/CodeIgniter.php(789): CodeIgniter\Router\Router->handle('users/delete')
#2 /Users/dxc2762/Documents/gitHub/vgdt-admin/system/CodeIgniter.php(360): CodeIgniter\CodeIgniter->tryToRouteIt(Object(CodeIgniter\Router\RouteCollection))
#3 /Users/dxc2762/Documents/gitHub/vgdt-admin/system/CodeIgniter.php(308): CodeIgniter\CodeIgniter->handleRequest(NULL, Object(Config\Cache), false)
#4 /Users/dxc2762/Documents/gitHub/vgdt-admin/public/index.php(45): CodeIgniter\CodeIgniter->run()
#5 {main}
CRITICAL - 2020-07-12 14:05:07 --> syntax error, unexpected '[', expecting identifier (T_STRING) or variable (T_VARIABLE) or '{' or '$'
#0 /Users/dxc2762/Documents/gitHub/vgdt-admin/system/Router/Router.php(192): CodeIgniter\Router\Router->autoRoute('users/delete')
#1 /Users/dxc2762/Documents/gitHub/vgdt-admin/system/CodeIgniter.php(789): CodeIgniter\Router\Router->handle('users/delete')
#2 /Users/dxc2762/Documents/gitHub/vgdt-admin/system/CodeIgniter.php(360): CodeIgniter\CodeIgniter->tryToRouteIt(Object(CodeIgniter\Router\RouteCollection))
#3 /Users/dxc2762/Documents/gitHub/vgdt-admin/system/CodeIgniter.php(308): CodeIgniter\CodeIgniter->handleRequest(NULL, Object(Config\Cache), false)
#4 /Users/dxc2762/Documents/gitHub/vgdt-admin/public/index.php(45): CodeIgniter\CodeIgniter->run()
#5 {main}
CRITICAL - 2020-07-12 14:09:31 --> Too few arguments to function App\Controllers\Users::delete(), 0 passed in /Users/dxc2762/Documents/gitHub/vgdt-admin/system/CodeIgniter.php on line 914 and exactly 1 expected
#0 /Users/dxc2762/Documents/gitHub/vgdt-admin/system/CodeIgniter.php(914): App\Controllers\Users->delete()
#1 /Users/dxc2762/Documents/gitHub/vgdt-admin/system/CodeIgniter.php(400): CodeIgniter\CodeIgniter->runController(Object(App\Controllers\Users))
#2 /Users/dxc2762/Documents/gitHub/vgdt-admin/system/CodeIgniter.php(308): CodeIgniter\CodeIgniter->handleRequest(NULL, Object(Config\Cache), false)
#3 /Users/dxc2762/Documents/gitHub/vgdt-admin/public/index.php(45): CodeIgniter\CodeIgniter->run()
#4 {main}
CRITICAL - 2020-07-12 15:09:26 --> Call to a member function query() on null
#0 /Users/dxc2762/Documents/gitHub/vgdt-admin/app/Controllers/Tables.php(16): App\Services\TableService->saveTable(Object(stdClass))
#1 /Users/dxc2762/Documents/gitHub/vgdt-admin/system/CodeIgniter.php(914): App\Controllers\Tables->index()
#2 /Users/dxc2762/Documents/gitHub/vgdt-admin/system/CodeIgniter.php(400): CodeIgniter\CodeIgniter->runController(Object(App\Controllers\Tables))
#3 /Users/dxc2762/Documents/gitHub/vgdt-admin/system/CodeIgniter.php(308): CodeIgniter\CodeIgniter->handleRequest(NULL, Object(Config\Cache), false)
#4 /Users/dxc2762/Documents/gitHub/vgdt-admin/public/index.php(45): CodeIgniter\CodeIgniter->run()
#5 {main}
CRITICAL - 2020-07-12 15:12:13 --> Use of undefined constant createTableQuery - assumed 'createTableQuery' (this will throw an Error in a future version of PHP)
#0 /Users/dxc2762/Documents/gitHub/vgdt-admin/app/Services/TableService.php(17): CodeIgniter\Debug\Exceptions->errorHandler(2, 'Use of undefine...', '/Users/dxc2762/...', 17, Array)
#1 /Users/dxc2762/Documents/gitHub/vgdt-admin/app/Controllers/Tables.php(16): App\Services\TableService->saveTable(Object(stdClass))
#2 /Users/dxc2762/Documents/gitHub/vgdt-admin/system/CodeIgniter.php(914): App\Controllers\Tables->index()
#3 /Users/dxc2762/Documents/gitHub/vgdt-admin/system/CodeIgniter.php(400): CodeIgniter\CodeIgniter->runController(Object(App\Controllers\Tables))
#4 /Users/dxc2762/Documents/gitHub/vgdt-admin/system/CodeIgniter.php(308): CodeIgniter\CodeIgniter->handleRequest(NULL, Object(Config\Cache), false)
#5 /Users/dxc2762/Documents/gitHub/vgdt-admin/public/index.php(45): CodeIgniter\CodeIgniter->run()
#6 {main}
CRITICAL - 2020-07-12 15:12:40 --> Use of undefined constant createTableQuery - assumed 'createTableQuery' (this will throw an Error in a future version of PHP)
#0 /Users/dxc2762/Documents/gitHub/vgdt-admin/app/Services/TableService.php(17): CodeIgniter\Debug\Exceptions->errorHandler(2, 'Use of undefine...', '/Users/dxc2762/...', 17, Array)
#1 /Users/dxc2762/Documents/gitHub/vgdt-admin/app/Controllers/Tables.php(16): App\Services\TableService->saveTable(Object(stdClass))
#2 /Users/dxc2762/Documents/gitHub/vgdt-admin/system/CodeIgniter.php(914): App\Controllers\Tables->index()
#3 /Users/dxc2762/Documents/gitHub/vgdt-admin/system/CodeIgniter.php(400): CodeIgniter\CodeIgniter->runController(Object(App\Controllers\Tables))
#4 /Users/dxc2762/Documents/gitHub/vgdt-admin/system/CodeIgniter.php(308): CodeIgniter\CodeIgniter->handleRequest(NULL, Object(Config\Cache), false)
#5 /Users/dxc2762/Documents/gitHub/vgdt-admin/public/index.php(45): CodeIgniter\CodeIgniter->run()
#6 {main}
CRITICAL - 2020-07-12 15:12:56 --> Call to undefined function App\Services\createTableQuery()
#0 /Users/dxc2762/Documents/gitHub/vgdt-admin/app/Controllers/Tables.php(16): App\Services\TableService->saveTable(Object(stdClass))
#1 /Users/dxc2762/Documents/gitHub/vgdt-admin/system/CodeIgniter.php(914): App\Controllers\Tables->index()
#2 /Users/dxc2762/Documents/gitHub/vgdt-admin/system/CodeIgniter.php(400): CodeIgniter\CodeIgniter->runController(Object(App\Controllers\Tables))
#3 /Users/dxc2762/Documents/gitHub/vgdt-admin/system/CodeIgniter.php(308): CodeIgniter\CodeIgniter->handleRequest(NULL, Object(Config\Cache), false)
#4 /Users/dxc2762/Documents/gitHub/vgdt-admin/public/index.php(45): CodeIgniter\CodeIgniter->run()
#5 {main}
CRITICAL - 2020-07-12 15:14:20 --> Call to undefined function App\Services\createTableQuery()
#0 /Users/dxc2762/Documents/gitHub/vgdt-admin/app/Controllers/Tables.php(16): App\Services\TableService->saveTable(Object(stdClass))
#1 /Users/dxc2762/Documents/gitHub/vgdt-admin/system/CodeIgniter.php(914): App\Controllers\Tables->index()
#2 /Users/dxc2762/Documents/gitHub/vgdt-admin/system/CodeIgniter.php(400): CodeIgniter\CodeIgniter->runController(Object(App\Controllers\Tables))
#3 /Users/dxc2762/Documents/gitHub/vgdt-admin/system/CodeIgniter.php(308): CodeIgniter\CodeIgniter->handleRequest(NULL, Object(Config\Cache), false)
#4 /Users/dxc2762/Documents/gitHub/vgdt-admin/public/index.php(45): CodeIgniter\CodeIgniter->run()
#5 {main}
CRITICAL - 2020-07-12 15:17:59 --> Class 'App\Services\TableQuery' not found
#0 /Users/dxc2762/Documents/gitHub/vgdt-admin/app/Controllers/Tables.php(16): App\Services\TableService->saveTable(Object(stdClass))
#1 /Users/dxc2762/Documents/gitHub/vgdt-admin/system/CodeIgniter.php(914): App\Controllers\Tables->index()
#2 /Users/dxc2762/Documents/gitHub/vgdt-admin/system/CodeIgniter.php(400): CodeIgniter\CodeIgniter->runController(Object(App\Controllers\Tables))
#3 /Users/dxc2762/Documents/gitHub/vgdt-admin/system/CodeIgniter.php(308): CodeIgniter\CodeIgniter->handleRequest(NULL, Object(Config\Cache), false)
#4 /Users/dxc2762/Documents/gitHub/vgdt-admin/public/index.php(45): CodeIgniter\CodeIgniter->run()
#5 {main}
CRITICAL - 2020-07-12 15:18:56 --> Class 'App\Services\TableQuery' not found
#0 /Users/dxc2762/Documents/gitHub/vgdt-admin/app/Controllers/Tables.php(16): App\Services\TableService->saveTable(Object(stdClass))
#1 /Users/dxc2762/Documents/gitHub/vgdt-admin/system/CodeIgniter.php(914): App\Controllers\Tables->index()
#2 /Users/dxc2762/Documents/gitHub/vgdt-admin/system/CodeIgniter.php(400): CodeIgniter\CodeIgniter->runController(Object(App\Controllers\Tables))
#3 /Users/dxc2762/Documents/gitHub/vgdt-admin/system/CodeIgniter.php(308): CodeIgniter\CodeIgniter->handleRequest(NULL, Object(Config\Cache), false)
#4 /Users/dxc2762/Documents/gitHub/vgdt-admin/public/index.php(45): CodeIgniter\CodeIgniter->run()
#5 {main}
CRITICAL - 2020-07-12 15:19:54 --> Call to undefined method App\SQL\TableQuery::createTableQuery()
#0 /Users/dxc2762/Documents/gitHub/vgdt-admin/app/Controllers/Tables.php(16): App\Services\TableService->saveTable(Object(stdClass))
#1 /Users/dxc2762/Documents/gitHub/vgdt-admin/system/CodeIgniter.php(914): App\Controllers\Tables->index()
#2 /Users/dxc2762/Documents/gitHub/vgdt-admin/system/CodeIgniter.php(400): CodeIgniter\CodeIgniter->runController(Object(App\Controllers\Tables))
#3 /Users/dxc2762/Documents/gitHub/vgdt-admin/system/CodeIgniter.php(308): CodeIgniter\CodeIgniter->handleRequest(NULL, Object(Config\Cache), false)
#4 /Users/dxc2762/Documents/gitHub/vgdt-admin/public/index.php(45): CodeIgniter\CodeIgniter->run()
#5 {main}
CRITICAL - 2020-07-12 15:20:26 --> Call to undefined method App\SQL\TableQuery::createTableQuery()
#0 /Users/dxc2762/Documents/gitHub/vgdt-admin/app/Controllers/Tables.php(16): App\Services\TableService->saveTable(Object(stdClass))
#1 /Users/dxc2762/Documents/gitHub/vgdt-admin/system/CodeIgniter.php(914): App\Controllers\Tables->index()
#2 /Users/dxc2762/Documents/gitHub/vgdt-admin/system/CodeIgniter.php(400): CodeIgniter\CodeIgniter->runController(Object(App\Controllers\Tables))
#3 /Users/dxc2762/Documents/gitHub/vgdt-admin/system/CodeIgniter.php(308): CodeIgniter\CodeIgniter->handleRequest(NULL, Object(Config\Cache), false)
#4 /Users/dxc2762/Documents/gitHub/vgdt-admin/public/index.php(45): CodeIgniter\CodeIgniter->run()
#5 {main}
CRITICAL - 2020-07-12 15:28:57 --> Too few arguments to function App\Controllers\Tables::index(), 0 passed in /Users/dxc2762/Documents/gitHub/vgdt-admin/system/CodeIgniter.php on line 914 and exactly 1 expected
#0 /Users/dxc2762/Documents/gitHub/vgdt-admin/system/CodeIgniter.php(914): App\Controllers\Tables->index()
#1 /Users/dxc2762/Documents/gitHub/vgdt-admin/system/CodeIgniter.php(400): CodeIgniter\CodeIgniter->runController(Object(App\Controllers\Tables))
#2 /Users/dxc2762/Documents/gitHub/vgdt-admin/system/CodeIgniter.php(308): CodeIgniter\CodeIgniter->handleRequest(NULL, Object(Config\Cache), false)
#3 /Users/dxc2762/Documents/gitHub/vgdt-admin/public/index.php(45): CodeIgniter\CodeIgniter->run()
#4 {main}
CRITICAL - 2020-07-12 15:34:47 --> Argument 1 passed to CodeIgniter\Database\BaseConnection::query() must be of the type string, null given, called in /Users/dxc2762/Documents/gitHub/vgdt-admin/app/Services/TableService.php on line 16
#0 /Users/dxc2762/Documents/gitHub/vgdt-admin/app/Services/TableService.php(16): CodeIgniter\Database\BaseConnection->query(NULL)
#1 /Users/dxc2762/Documents/gitHub/vgdt-admin/app/Controllers/Table.php(29): App\Services\TableService->createTable('DCTABLE', Object(stdClass))
#2 /Users/dxc2762/Documents/gitHub/vgdt-admin/system/CodeIgniter.php(914): App\Controllers\Table->create('DCTABLE')
#3 /Users/dxc2762/Documents/gitHub/vgdt-admin/system/CodeIgniter.php(400): CodeIgniter\CodeIgniter->runController(Object(App\Controllers\Table))
#4 /Users/dxc2762/Documents/gitHub/vgdt-admin/system/CodeIgniter.php(308): CodeIgniter\CodeIgniter->handleRequest(NULL, Object(Config\Cache), false)
#5 /Users/dxc2762/Documents/gitHub/vgdt-admin/public/index.php(45): CodeIgniter\CodeIgniter->run()
#6 {main}
CRITICAL - 2020-07-12 15:34:56 --> Argument 1 passed to CodeIgniter\Database\BaseConnection::query() must be of the type string, null given, called in /Users/dxc2762/Documents/gitHub/vgdt-admin/app/Services/TableService.php on line 16
#0 /Users/dxc2762/Documents/gitHub/vgdt-admin/app/Services/TableService.php(16): CodeIgniter\Database\BaseConnection->query(NULL)
#1 /Users/dxc2762/Documents/gitHub/vgdt-admin/app/Controllers/Table.php(29): App\Services\TableService->createTable('DCTABLE', Object(stdClass))
#2 /Users/dxc2762/Documents/gitHub/vgdt-admin/system/CodeIgniter.php(914): App\Controllers\Table->create('DCTABLE')
#3 /Users/dxc2762/Documents/gitHub/vgdt-admin/system/CodeIgniter.php(400): CodeIgniter\CodeIgniter->runController(Object(App\Controllers\Table))
#4 /Users/dxc2762/Documents/gitHub/vgdt-admin/system/CodeIgniter.php(308): CodeIgniter\CodeIgniter->handleRequest(NULL, Object(Config\Cache), false)
#5 /Users/dxc2762/Documents/gitHub/vgdt-admin/public/index.php(45): CodeIgniter\CodeIgniter->run()
#6 {main}
CRITICAL - 2020-07-12 15:35:06 --> Argument 1 passed to CodeIgniter\Database\BaseConnection::query() must be of the type string, null given, called in /Users/dxc2762/Documents/gitHub/vgdt-admin/app/Services/TableService.php on line 16
#0 /Users/dxc2762/Documents/gitHub/vgdt-admin/app/Services/TableService.php(16): CodeIgniter\Database\BaseConnection->query(NULL)
#1 /Users/dxc2762/Documents/gitHub/vgdt-admin/app/Controllers/Table.php(29): App\Services\TableService->createTable('DCTABLE1', Object(stdClass))
#2 /Users/dxc2762/Documents/gitHub/vgdt-admin/system/CodeIgniter.php(914): App\Controllers\Table->create('DCTABLE1')
#3 /Users/dxc2762/Documents/gitHub/vgdt-admin/system/CodeIgniter.php(400): CodeIgniter\CodeIgniter->runController(Object(App\Controllers\Table))
#4 /Users/dxc2762/Documents/gitHub/vgdt-admin/system/CodeIgniter.php(308): CodeIgniter\CodeIgniter->handleRequest(NULL, Object(Config\Cache), false)
#5 /Users/dxc2762/Documents/gitHub/vgdt-admin/public/index.php(45): CodeIgniter\CodeIgniter->run()
#6 {main}
CRITICAL - 2020-07-12 15:42:58 --> Invalid argument supplied for foreach()
#0 /Users/dxc2762/Documents/gitHub/vgdt-admin/app/SQL/TableQuery.php(16): CodeIgniter\Debug\Exceptions->errorHandler(2, 'Invalid argumen...', '/Users/dxc2762/...', 16, Array)
#1 /Users/dxc2762/Documents/gitHub/vgdt-admin/app/Services/TableService.php(14): App\SQL\TableQuery->getCreateQuery('loads', NULL)
#2 /Users/dxc2762/Documents/gitHub/vgdt-admin/app/Controllers/Table.php(22): App\Services\TableService->createTable('loads', NULL)
#3 /Users/dxc2762/Documents/gitHub/vgdt-admin/system/CodeIgniter.php(914): App\Controllers\Table->create('loads')
#4 /Users/dxc2762/Documents/gitHub/vgdt-admin/system/CodeIgniter.php(400): CodeIgniter\CodeIgniter->runController(Object(App\Controllers\Table))
#5 /Users/dxc2762/Documents/gitHub/vgdt-admin/system/CodeIgniter.php(308): CodeIgniter\CodeIgniter->handleRequest(NULL, Object(Config\Cache), false)
#6 /Users/dxc2762/Documents/gitHub/vgdt-admin/public/index.php(45): CodeIgniter\CodeIgniter->run()
#7 {main}
CRITICAL - 2020-07-12 16:09:29 --> Object of class stdClass could not be converted to string
#0 /Users/dxc2762/Documents/gitHub/vgdt-admin/system/Database/Query.php(443): strtr('INSERT INTO `di...', Array)
#1 /Users/dxc2762/Documents/gitHub/vgdt-admin/system/Database/Query.php(404): CodeIgniter\Database\Query->matchNamedBinds('INSERT INTO `di...', Array)
#2 /Users/dxc2762/Documents/gitHub/vgdt-admin/system/Database/Query.php(197): CodeIgniter\Database\Query->compileBinds()
#3 /Users/dxc2762/Documents/gitHub/vgdt-admin/system/Database/BaseConnection.php(666): CodeIgniter\Database\Query->getQuery()
#4 /Users/dxc2762/Documents/gitHub/vgdt-admin/system/Database/BaseBuilder.php(2234): CodeIgniter\Database\BaseConnection->query('INSERT INTO `di...', Array, false)
#5 /Users/dxc2762/Documents/gitHub/vgdt-admin/system/Model.php(729): CodeIgniter\Database\BaseBuilder->insert()
#6 /Users/dxc2762/Documents/gitHub/vgdt-admin/system/Model.php(557): CodeIgniter\Model->insert(Array, false)
#7 /Users/dxc2762/Documents/gitHub/vgdt-admin/app/Services/LoadService.php(21): CodeIgniter\Model->save(Object(stdClass))
#8 /Users/dxc2762/Documents/gitHub/vgdt-admin/app/Controllers/Loads.php(16): App\Services\LoadService->saveLoad(Object(stdClass))
#9 /Users/dxc2762/Documents/gitHub/vgdt-admin/system/CodeIgniter.php(914): App\Controllers\Loads->index()
#10 /Users/dxc2762/Documents/gitHub/vgdt-admin/system/CodeIgniter.php(400): CodeIgniter\CodeIgniter->runController(Object(App\Controllers\Loads))
#11 /Users/dxc2762/Documents/gitHub/vgdt-admin/system/CodeIgniter.php(308): CodeIgniter\CodeIgniter->handleRequest(NULL, Object(Config\Cache), false)
#12 /Users/dxc2762/Documents/gitHub/vgdt-admin/public/index.php(45): CodeIgniter\CodeIgniter->run()
#13 {main}
CRITICAL - 2020-07-12 16:11:16 --> Call to a member function save() on null
#0 /Users/dxc2762/Documents/gitHub/vgdt-admin/app/Controllers/Loads.php(16): App\Services\LoadService->saveLoad(Object(stdClass))
#1 /Users/dxc2762/Documents/gitHub/vgdt-admin/system/CodeIgniter.php(914): App\Controllers\Loads->index()
#2 /Users/dxc2762/Documents/gitHub/vgdt-admin/system/CodeIgniter.php(400): CodeIgniter\CodeIgniter->runController(Object(App\Controllers\Loads))
#3 /Users/dxc2762/Documents/gitHub/vgdt-admin/system/CodeIgniter.php(308): CodeIgniter\CodeIgniter->handleRequest(NULL, Object(Config\Cache), false)
#4 /Users/dxc2762/Documents/gitHub/vgdt-admin/public/index.php(45): CodeIgniter\CodeIgniter->run()
#5 {main}
CRITICAL - 2020-07-12 16:13:11 --> Object of class stdClass could not be converted to string
#0 /Users/dxc2762/Documents/gitHub/vgdt-admin/system/Database/Query.php(443): strtr('INSERT INTO `di...', Array)
#1 /Users/dxc2762/Documents/gitHub/vgdt-admin/system/Database/Query.php(404): CodeIgniter\Database\Query->matchNamedBinds('INSERT INTO `di...', Array)
#2 /Users/dxc2762/Documents/gitHub/vgdt-admin/system/Database/Query.php(197): CodeIgniter\Database\Query->compileBinds()
#3 /Users/dxc2762/Documents/gitHub/vgdt-admin/system/Database/BaseConnection.php(666): CodeIgniter\Database\Query->getQuery()
#4 /Users/dxc2762/Documents/gitHub/vgdt-admin/system/Database/BaseBuilder.php(2234): CodeIgniter\Database\BaseConnection->query('INSERT INTO `di...', Array, false)
#5 /Users/dxc2762/Documents/gitHub/vgdt-admin/system/Model.php(729): CodeIgniter\Database\BaseBuilder->insert()
#6 /Users/dxc2762/Documents/gitHub/vgdt-admin/system/Model.php(557): CodeIgniter\Model->insert(Array, false)
#7 /Users/dxc2762/Documents/gitHub/vgdt-admin/app/Services/LoadService.php(21): CodeIgniter\Model->save(Object(stdClass))
#8 /Users/dxc2762/Documents/gitHub/vgdt-admin/app/Controllers/Loads.php(16): App\Services\LoadService->saveLoad(Object(stdClass))
#9 /Users/dxc2762/Documents/gitHub/vgdt-admin/system/CodeIgniter.php(914): App\Controllers\Loads->index()
#10 /Users/dxc2762/Documents/gitHub/vgdt-admin/system/CodeIgniter.php(400): CodeIgniter\CodeIgniter->runController(Object(App\Controllers\Loads))
#11 /Users/dxc2762/Documents/gitHub/vgdt-admin/system/CodeIgniter.php(308): CodeIgniter\CodeIgniter->handleRequest(NULL, Object(Config\Cache), false)
#12 /Users/dxc2762/Documents/gitHub/vgdt-admin/public/index.php(45): CodeIgniter\CodeIgniter->run()
#13 {main}
CRITICAL - 2020-07-12 16:14:19 --> Object of class stdClass could not be converted to string
#0 /Users/dxc2762/Documents/gitHub/vgdt-admin/system/Database/Query.php(443): strtr('INSERT INTO `di...', Array)
#1 /Users/dxc2762/Documents/gitHub/vgdt-admin/system/Database/Query.php(404): CodeIgniter\Database\Query->matchNamedBinds('INSERT INTO `di...', Array)
#2 /Users/dxc2762/Documents/gitHub/vgdt-admin/system/Database/Query.php(197): CodeIgniter\Database\Query->compileBinds()
#3 /Users/dxc2762/Documents/gitHub/vgdt-admin/system/Database/BaseConnection.php(666): CodeIgniter\Database\Query->getQuery()
#4 /Users/dxc2762/Documents/gitHub/vgdt-admin/system/Database/BaseBuilder.php(2234): CodeIgniter\Database\BaseConnection->query('INSERT INTO `di...', Array, false)
#5 /Users/dxc2762/Documents/gitHub/vgdt-admin/system/Model.php(729): CodeIgniter\Database\BaseBuilder->insert()
#6 /Users/dxc2762/Documents/gitHub/vgdt-admin/system/Model.php(557): CodeIgniter\Model->insert(Array, false)
#7 /Users/dxc2762/Documents/gitHub/vgdt-admin/app/Services/LoadService.php(21): CodeIgniter\Model->save(Object(stdClass))
#8 /Users/dxc2762/Documents/gitHub/vgdt-admin/app/Controllers/Loads.php(16): App\Services\LoadService->saveLoad(Object(stdClass))
#9 /Users/dxc2762/Documents/gitHub/vgdt-admin/system/CodeIgniter.php(914): App\Controllers\Loads->index()
#10 /Users/dxc2762/Documents/gitHub/vgdt-admin/system/CodeIgniter.php(400): CodeIgniter\CodeIgniter->runController(Object(App\Controllers\Loads))
#11 /Users/dxc2762/Documents/gitHub/vgdt-admin/system/CodeIgniter.php(308): CodeIgniter\CodeIgniter->handleRequest(NULL, Object(Config\Cache), false)
#12 /Users/dxc2762/Documents/gitHub/vgdt-admin/public/index.php(45): CodeIgniter\CodeIgniter->run()
#13 {main}
CRITICAL - 2020-07-12 16:16:08 --> Object of class stdClass could not be converted to string
#0 /Users/dxc2762/Documents/gitHub/vgdt-admin/system/Database/Query.php(443): strtr('INSERT INTO `di...', Array)
#1 /Users/dxc2762/Documents/gitHub/vgdt-admin/system/Database/Query.php(404): CodeIgniter\Database\Query->matchNamedBinds('INSERT INTO `di...', Array)
#2 /Users/dxc2762/Documents/gitHub/vgdt-admin/system/Database/Query.php(197): CodeIgniter\Database\Query->compileBinds()
#3 /Users/dxc2762/Documents/gitHub/vgdt-admin/system/Database/BaseConnection.php(666): CodeIgniter\Database\Query->getQuery()
#4 /Users/dxc2762/Documents/gitHub/vgdt-admin/system/Database/BaseBuilder.php(2234): CodeIgniter\Database\BaseConnection->query('INSERT INTO `di...', Array, false)
#5 /Users/dxc2762/Documents/gitHub/vgdt-admin/system/Model.php(729): CodeIgniter\Database\BaseBuilder->insert()
#6 /Users/dxc2762/Documents/gitHub/vgdt-admin/system/Model.php(557): CodeIgniter\Model->insert(Array, false)
#7 /Users/dxc2762/Documents/gitHub/vgdt-admin/app/Services/LoadService.php(21): CodeIgniter\Model->save(Object(stdClass))
#8 /Users/dxc2762/Documents/gitHub/vgdt-admin/app/Controllers/Loads.php(16): App\Services\LoadService->saveLoad(Object(stdClass))
#9 /Users/dxc2762/Documents/gitHub/vgdt-admin/system/CodeIgniter.php(914): App\Controllers\Loads->index()
#10 /Users/dxc2762/Documents/gitHub/vgdt-admin/system/CodeIgniter.php(400): CodeIgniter\CodeIgniter->runController(Object(App\Controllers\Loads))
#11 /Users/dxc2762/Documents/gitHub/vgdt-admin/system/CodeIgniter.php(308): CodeIgniter\CodeIgniter->handleRequest(NULL, Object(Config\Cache), false)
#12 /Users/dxc2762/Documents/gitHub/vgdt-admin/public/index.php(45): CodeIgniter\CodeIgniter->run()
#13 {main}
CRITICAL - 2020-07-12 16:19:47 --> Object of class stdClass could not be converted to string
#0 /Users/dxc2762/Documents/gitHub/vgdt-admin/system/Database/Query.php(443): strtr('INSERT INTO `di...', Array)
#1 /Users/dxc2762/Documents/gitHub/vgdt-admin/system/Database/Query.php(404): CodeIgniter\Database\Query->matchNamedBinds('INSERT INTO `di...', Array)
#2 /Users/dxc2762/Documents/gitHub/vgdt-admin/system/Database/Query.php(197): CodeIgniter\Database\Query->compileBinds()
#3 /Users/dxc2762/Documents/gitHub/vgdt-admin/system/Database/BaseConnection.php(666): CodeIgniter\Database\Query->getQuery()
#4 /Users/dxc2762/Documents/gitHub/vgdt-admin/system/Database/BaseBuilder.php(2234): CodeIgniter\Database\BaseConnection->query('INSERT INTO `di...', Array, false)
#5 /Users/dxc2762/Documents/gitHub/vgdt-admin/system/Model.php(729): CodeIgniter\Database\BaseBuilder->insert()
#6 /Users/dxc2762/Documents/gitHub/vgdt-admin/system/Model.php(557): CodeIgniter\Model->insert(Array, false)
#7 /Users/dxc2762/Documents/gitHub/vgdt-admin/app/Services/LoadService.php(21): CodeIgniter\Model->save(Object(stdClass))
#8 /Users/dxc2762/Documents/gitHub/vgdt-admin/app/Controllers/Loads.php(16): App\Services\LoadService->saveLoad(Object(stdClass))
#9 /Users/dxc2762/Documents/gitHub/vgdt-admin/system/CodeIgniter.php(914): App\Controllers\Loads->index()
#10 /Users/dxc2762/Documents/gitHub/vgdt-admin/system/CodeIgniter.php(400): CodeIgniter\CodeIgniter->runController(Object(App\Controllers\Loads))
#11 /Users/dxc2762/Documents/gitHub/vgdt-admin/system/CodeIgniter.php(308): CodeIgniter\CodeIgniter->handleRequest(NULL, Object(Config\Cache), false)
#12 /Users/dxc2762/Documents/gitHub/vgdt-admin/public/index.php(45): CodeIgniter\CodeIgniter->run()
#13 {main}
CRITICAL - 2020-07-12 16:21:01 --> Object of class stdClass could not be converted to string
#0 /Users/dxc2762/Documents/gitHub/vgdt-admin/system/Database/Query.php(443): strtr('INSERT INTO `di...', Array)
#1 /Users/dxc2762/Documents/gitHub/vgdt-admin/system/Database/Query.php(404): CodeIgniter\Database\Query->matchNamedBinds('INSERT INTO `di...', Array)
#2 /Users/dxc2762/Documents/gitHub/vgdt-admin/system/Database/Query.php(197): CodeIgniter\Database\Query->compileBinds()
#3 /Users/dxc2762/Documents/gitHub/vgdt-admin/system/Database/BaseConnection.php(666): CodeIgniter\Database\Query->getQuery()
#4 /Users/dxc2762/Documents/gitHub/vgdt-admin/system/Database/BaseBuilder.php(2234): CodeIgniter\Database\BaseConnection->query('INSERT INTO `di...', Array, false)
#5 /Users/dxc2762/Documents/gitHub/vgdt-admin/system/Model.php(729): CodeIgniter\Database\BaseBuilder->insert()
#6 /Users/dxc2762/Documents/gitHub/vgdt-admin/system/Model.php(557): CodeIgniter\Model->insert(Array, false)
#7 /Users/dxc2762/Documents/gitHub/vgdt-admin/app/Services/LoadService.php(21): CodeIgniter\Model->save(Object(stdClass))
#8 /Users/dxc2762/Documents/gitHub/vgdt-admin/app/Controllers/Loads.php(16): App\Services\LoadService->saveLoad(Object(stdClass))
#9 /Users/dxc2762/Documents/gitHub/vgdt-admin/system/CodeIgniter.php(914): App\Controllers\Loads->index()
#10 /Users/dxc2762/Documents/gitHub/vgdt-admin/system/CodeIgniter.php(400): CodeIgniter\CodeIgniter->runController(Object(App\Controllers\Loads))
#11 /Users/dxc2762/Documents/gitHub/vgdt-admin/system/CodeIgniter.php(308): CodeIgniter\CodeIgniter->handleRequest(NULL, Object(Config\Cache), false)
#12 /Users/dxc2762/Documents/gitHub/vgdt-admin/public/index.php(45): CodeIgniter\CodeIgniter->run()
#13 {main}
CRITICAL - 2020-07-12 16:22:17 --> Object of class stdClass could not be converted to string
#0 /Users/dxc2762/Documents/gitHub/vgdt-admin/system/Database/Query.php(443): strtr('INSERT INTO `di...', Array)
#1 /Users/dxc2762/Documents/gitHub/vgdt-admin/system/Database/Query.php(404): CodeIgniter\Database\Query->matchNamedBinds('INSERT INTO `di...', Array)
#2 /Users/dxc2762/Documents/gitHub/vgdt-admin/system/Database/Query.php(197): CodeIgniter\Database\Query->compileBinds()
#3 /Users/dxc2762/Documents/gitHub/vgdt-admin/system/Database/BaseConnection.php(666): CodeIgniter\Database\Query->getQuery()
#4 /Users/dxc2762/Documents/gitHub/vgdt-admin/system/Database/BaseBuilder.php(2234): CodeIgniter\Database\BaseConnection->query('INSERT INTO `di...', Array, false)
#5 /Users/dxc2762/Documents/gitHub/vgdt-admin/system/Model.php(729): CodeIgniter\Database\BaseBuilder->insert()
#6 /Users/dxc2762/Documents/gitHub/vgdt-admin/system/Model.php(557): CodeIgniter\Model->insert(Array, false)
#7 /Users/dxc2762/Documents/gitHub/vgdt-admin/app/Services/LoadService.php(21): CodeIgniter\Model->save(Object(stdClass))
#8 /Users/dxc2762/Documents/gitHub/vgdt-admin/app/Controllers/Loads.php(16): App\Services\LoadService->saveLoad(Object(stdClass))
#9 /Users/dxc2762/Documents/gitHub/vgdt-admin/system/CodeIgniter.php(914): App\Controllers\Loads->index()
#10 /Users/dxc2762/Documents/gitHub/vgdt-admin/system/CodeIgniter.php(400): CodeIgniter\CodeIgniter->runController(Object(App\Controllers\Loads))
#11 /Users/dxc2762/Documents/gitHub/vgdt-admin/system/CodeIgniter.php(308): CodeIgniter\CodeIgniter->handleRequest(NULL, Object(Config\Cache), false)
#12 /Users/dxc2762/Documents/gitHub/vgdt-admin/public/index.php(45): CodeIgniter\CodeIgniter->run()
#13 {main}
CRITICAL - 2020-07-12 16:24:47 --> Object of class stdClass could not be converted to string
#0 /Users/dxc2762/Documents/gitHub/vgdt-admin/system/Database/Query.php(443): strtr('INSERT INTO `di...', Array)
#1 /Users/dxc2762/Documents/gitHub/vgdt-admin/system/Database/Query.php(404): CodeIgniter\Database\Query->matchNamedBinds('INSERT INTO `di...', Array)
#2 /Users/dxc2762/Documents/gitHub/vgdt-admin/system/Database/Query.php(197): CodeIgniter\Database\Query->compileBinds()
#3 /Users/dxc2762/Documents/gitHub/vgdt-admin/system/Database/BaseConnection.php(666): CodeIgniter\Database\Query->getQuery()
#4 /Users/dxc2762/Documents/gitHub/vgdt-admin/system/Database/BaseBuilder.php(2234): CodeIgniter\Database\BaseConnection->query('INSERT INTO `di...', Array, false)
#5 /Users/dxc2762/Documents/gitHub/vgdt-admin/system/Model.php(729): CodeIgniter\Database\BaseBuilder->insert()
#6 /Users/dxc2762/Documents/gitHub/vgdt-admin/system/Model.php(557): CodeIgniter\Model->insert(Array, false)
#7 /Users/dxc2762/Documents/gitHub/vgdt-admin/app/Services/LoadService.php(21): CodeIgniter\Model->save(Object(stdClass))
#8 /Users/dxc2762/Documents/gitHub/vgdt-admin/app/Controllers/Loads.php(16): App\Services\LoadService->saveLoad(Object(stdClass))
#9 /Users/dxc2762/Documents/gitHub/vgdt-admin/system/CodeIgniter.php(914): App\Controllers\Loads->index()
#10 /Users/dxc2762/Documents/gitHub/vgdt-admin/system/CodeIgniter.php(400): CodeIgniter\CodeIgniter->runController(Object(App\Controllers\Loads))
#11 /Users/dxc2762/Documents/gitHub/vgdt-admin/system/CodeIgniter.php(308): CodeIgniter\CodeIgniter->handleRequest(NULL, Object(Config\Cache), false)
#12 /Users/dxc2762/Documents/gitHub/vgdt-admin/public/index.php(45): CodeIgniter\CodeIgniter->run()
#13 {main}
CRITICAL - 2020-07-12 16:25:02 --> Object of class stdClass could not be converted to string
#0 /Users/dxc2762/Documents/gitHub/vgdt-admin/system/Database/Query.php(443): strtr('INSERT INTO `di...', Array)
#1 /Users/dxc2762/Documents/gitHub/vgdt-admin/system/Database/Query.php(404): CodeIgniter\Database\Query->matchNamedBinds('INSERT INTO `di...', Array)
#2 /Users/dxc2762/Documents/gitHub/vgdt-admin/system/Database/Query.php(197): CodeIgniter\Database\Query->compileBinds()
#3 /Users/dxc2762/Documents/gitHub/vgdt-admin/system/Database/BaseConnection.php(666): CodeIgniter\Database\Query->getQuery()
#4 /Users/dxc2762/Documents/gitHub/vgdt-admin/system/Database/BaseBuilder.php(2234): CodeIgniter\Database\BaseConnection->query('INSERT INTO `di...', Array, false)
#5 /Users/dxc2762/Documents/gitHub/vgdt-admin/system/Model.php(729): CodeIgniter\Database\BaseBuilder->insert()
#6 /Users/dxc2762/Documents/gitHub/vgdt-admin/system/Model.php(557): CodeIgniter\Model->insert(Array, false)
#7 /Users/dxc2762/Documents/gitHub/vgdt-admin/app/Services/LoadService.php(21): CodeIgniter\Model->save(Object(stdClass))
#8 /Users/dxc2762/Documents/gitHub/vgdt-admin/app/Controllers/Loads.php(16): App\Services\LoadService->saveLoad(Object(stdClass))
#9 /Users/dxc2762/Documents/gitHub/vgdt-admin/system/CodeIgniter.php(914): App\Controllers\Loads->index()
#10 /Users/dxc2762/Documents/gitHub/vgdt-admin/system/CodeIgniter.php(400): CodeIgniter\CodeIgniter->runController(Object(App\Controllers\Loads))
#11 /Users/dxc2762/Documents/gitHub/vgdt-admin/system/CodeIgniter.php(308): CodeIgniter\CodeIgniter->handleRequest(NULL, Object(Config\Cache), false)
#12 /Users/dxc2762/Documents/gitHub/vgdt-admin/public/index.php(45): CodeIgniter\CodeIgniter->run()
#13 {main}
CRITICAL - 2020-07-12 16:53:38 --> You must set the database table to be used with your query.
#0 /Users/dxc2762/Documents/gitHub/vgdt-admin/system/Model.php(1206): CodeIgniter\Database\BaseConnection->table(NULL)
#1 /Users/dxc2762/Documents/gitHub/vgdt-admin/system/Model.php(437): CodeIgniter\Model->builder()
#2 /Users/dxc2762/Documents/gitHub/vgdt-admin/app/Services/BrokerService.php(14): CodeIgniter\Model->findAll()
#3 /Users/dxc2762/Documents/gitHub/vgdt-admin/app/Controllers/Brokers.php(20): App\Services\BrokerService->getBrokers()
#4 /Users/dxc2762/Documents/gitHub/vgdt-admin/system/CodeIgniter.php(914): App\Controllers\Brokers->index()
#5 /Users/dxc2762/Documents/gitHub/vgdt-admin/system/CodeIgniter.php(400): CodeIgniter\CodeIgniter->runController(Object(App\Controllers\Brokers))
#6 /Users/dxc2762/Documents/gitHub/vgdt-admin/system/CodeIgniter.php(308): CodeIgniter\CodeIgniter->handleRequest(NULL, Object(Config\Cache), false)
#7 /Users/dxc2762/Documents/gitHub/vgdt-admin/public/index.php(45): CodeIgniter\CodeIgniter->run()
#8 {main}
CRITICAL - 2020-07-12 16:54:29 --> You must set the database table to be used with your query.
#0 /Users/dxc2762/Documents/gitHub/vgdt-admin/system/Model.php(1206): CodeIgniter\Database\BaseConnection->table(NULL)
#1 /Users/dxc2762/Documents/gitHub/vgdt-admin/system/Model.php(437): CodeIgniter\Model->builder()
#2 /Users/dxc2762/Documents/gitHub/vgdt-admin/app/Services/BrokerService.php(14): CodeIgniter\Model->findAll()
#3 /Users/dxc2762/Documents/gitHub/vgdt-admin/app/Controllers/Brokers.php(20): App\Services\BrokerService->getBrokers()
#4 /Users/dxc2762/Documents/gitHub/vgdt-admin/system/CodeIgniter.php(914): App\Controllers\Brokers->index()
#5 /Users/dxc2762/Documents/gitHub/vgdt-admin/system/CodeIgniter.php(400): CodeIgniter\CodeIgniter->runController(Object(App\Controllers\Brokers))
#6 /Users/dxc2762/Documents/gitHub/vgdt-admin/system/CodeIgniter.php(308): CodeIgniter\CodeIgniter->handleRequest(NULL, Object(Config\Cache), false)
#7 /Users/dxc2762/Documents/gitHub/vgdt-admin/public/index.php(45): CodeIgniter\CodeIgniter->run()
#8 {main}
CRITICAL - 2020-07-12 16:56:07 --> You must set the database table to be used with your query.
#0 /Users/dxc2762/Documents/gitHub/vgdt-admin/system/Model.php(1206): CodeIgniter\Database\BaseConnection->table(NULL)
#1 /Users/dxc2762/Documents/gitHub/vgdt-admin/system/Model.php(437): CodeIgniter\Model->builder()
#2 /Users/dxc2762/Documents/gitHub/vgdt-admin/app/Services/BrokerService.php(14): CodeIgniter\Model->findAll()
#3 /Users/dxc2762/Documents/gitHub/vgdt-admin/app/Controllers/Brokers.php(20): App\Services\BrokerService->getBrokers()
#4 /Users/dxc2762/Documents/gitHub/vgdt-admin/system/CodeIgniter.php(914): App\Controllers\Brokers->index()
#5 /Users/dxc2762/Documents/gitHub/vgdt-admin/system/CodeIgniter.php(400): CodeIgniter\CodeIgniter->runController(Object(App\Controllers\Brokers))
#6 /Users/dxc2762/Documents/gitHub/vgdt-admin/system/CodeIgniter.php(308): CodeIgniter\CodeIgniter->handleRequest(NULL, Object(Config\Cache), false)
#7 /Users/dxc2762/Documents/gitHub/vgdt-admin/public/index.php(45): CodeIgniter\CodeIgniter->run()
#8 {main}
CRITICAL - 2020-07-12 16:56:44 --> You must set the database table to be used with your query.
#0 /Users/dxc2762/Documents/gitHub/vgdt-admin/system/Model.php(1206): CodeIgniter\Database\BaseConnection->table(NULL)
#1 /Users/dxc2762/Documents/gitHub/vgdt-admin/system/Model.php(437): CodeIgniter\Model->builder()
#2 /Users/dxc2762/Documents/gitHub/vgdt-admin/app/Services/BrokerService.php(14): CodeIgniter\Model->findAll()
#3 /Users/dxc2762/Documents/gitHub/vgdt-admin/app/Controllers/Brokers.php(20): App\Services\BrokerService->getBrokers()
#4 /Users/dxc2762/Documents/gitHub/vgdt-admin/system/CodeIgniter.php(914): App\Controllers\Brokers->index()
#5 /Users/dxc2762/Documents/gitHub/vgdt-admin/system/CodeIgniter.php(400): CodeIgniter\CodeIgniter->runController(Object(App\Controllers\Brokers))
#6 /Users/dxc2762/Documents/gitHub/vgdt-admin/system/CodeIgniter.php(308): CodeIgniter\CodeIgniter->handleRequest(NULL, Object(Config\Cache), false)
#7 /Users/dxc2762/Documents/gitHub/vgdt-admin/public/index.php(45): CodeIgniter\CodeIgniter->run()
#8 {main}
CRITICAL - 2020-07-12 16:57:23 --> You must set the database table to be used with your query.
#0 /Users/dxc2762/Documents/gitHub/vgdt-admin/system/Model.php(1206): CodeIgniter\Database\BaseConnection->table(NULL)
#1 /Users/dxc2762/Documents/gitHub/vgdt-admin/system/Model.php(437): CodeIgniter\Model->builder()
#2 /Users/dxc2762/Documents/gitHub/vgdt-admin/app/Services/BrokerService.php(14): CodeIgniter\Model->findAll()
#3 /Users/dxc2762/Documents/gitHub/vgdt-admin/app/Controllers/Brokers.php(20): App\Services\BrokerService->getBrokers()
#4 /Users/dxc2762/Documents/gitHub/vgdt-admin/system/CodeIgniter.php(914): App\Controllers\Brokers->index()
#5 /Users/dxc2762/Documents/gitHub/vgdt-admin/system/CodeIgniter.php(400): CodeIgniter\CodeIgniter->runController(Object(App\Controllers\Brokers))
#6 /Users/dxc2762/Documents/gitHub/vgdt-admin/system/CodeIgniter.php(308): CodeIgniter\CodeIgniter->handleRequest(NULL, Object(Config\Cache), false)
#7 /Users/dxc2762/Documents/gitHub/vgdt-admin/public/index.php(45): CodeIgniter\CodeIgniter->run()
#8 {main}
CRITICAL - 2020-07-12 16:57:55 --> You must set the database table to be used with your query.
#0 /Users/dxc2762/Documents/gitHub/vgdt-admin/system/Model.php(1206): CodeIgniter\Database\BaseConnection->table(NULL)
#1 /Users/dxc2762/Documents/gitHub/vgdt-admin/system/Model.php(437): CodeIgniter\Model->builder()
#2 /Users/dxc2762/Documents/gitHub/vgdt-admin/app/Services/BrokerService.php(14): CodeIgniter\Model->findAll()
#3 /Users/dxc2762/Documents/gitHub/vgdt-admin/app/Controllers/Brokers.php(20): App\Services\BrokerService->getBrokers()
#4 /Users/dxc2762/Documents/gitHub/vgdt-admin/system/CodeIgniter.php(914): App\Controllers\Brokers->index()
#5 /Users/dxc2762/Documents/gitHub/vgdt-admin/system/CodeIgniter.php(400): CodeIgniter\CodeIgniter->runController(Object(App\Controllers\Brokers))
#6 /Users/dxc2762/Documents/gitHub/vgdt-admin/system/CodeIgniter.php(308): CodeIgniter\CodeIgniter->handleRequest(NULL, Object(Config\Cache), false)
#7 /Users/dxc2762/Documents/gitHub/vgdt-admin/public/index.php(45): CodeIgniter\CodeIgniter->run()
#8 {main}
CRITICAL - 2020-07-12 16:57:58 --> You must set the database table to be used with your query.
#0 /Users/dxc2762/Documents/gitHub/vgdt-admin/system/Model.php(1206): CodeIgniter\Database\BaseConnection->table(NULL)
#1 /Users/dxc2762/Documents/gitHub/vgdt-admin/system/Model.php(437): CodeIgniter\Model->builder()
#2 /Users/dxc2762/Documents/gitHub/vgdt-admin/app/Services/BrokerService.php(14): CodeIgniter\Model->findAll()
#3 /Users/dxc2762/Documents/gitHub/vgdt-admin/app/Controllers/Brokers.php(20): App\Services\BrokerService->getBrokers()
#4 /Users/dxc2762/Documents/gitHub/vgdt-admin/system/CodeIgniter.php(914): App\Controllers\Brokers->index()
#5 /Users/dxc2762/Documents/gitHub/vgdt-admin/system/CodeIgniter.php(400): CodeIgniter\CodeIgniter->runController(Object(App\Controllers\Brokers))
#6 /Users/dxc2762/Documents/gitHub/vgdt-admin/system/CodeIgniter.php(308): CodeIgniter\CodeIgniter->handleRequest(NULL, Object(Config\Cache), false)
#7 /Users/dxc2762/Documents/gitHub/vgdt-admin/public/index.php(45): CodeIgniter\CodeIgniter->run()
#8 {main}
CRITICAL - 2020-07-12 16:58:44 --> You must set the database table to be used with your query.
#0 /Users/dxc2762/Documents/gitHub/vgdt-admin/system/Model.php(1206): CodeIgniter\Database\BaseConnection->table(NULL)
#1 /Users/dxc2762/Documents/gitHub/vgdt-admin/system/Model.php(437): CodeIgniter\Model->builder()
#2 /Users/dxc2762/Documents/gitHub/vgdt-admin/app/Services/BrokerService.php(14): CodeIgniter\Model->findAll()
#3 /Users/dxc2762/Documents/gitHub/vgdt-admin/app/Controllers/Brokers.php(20): App\Services\BrokerService->getBrokers()
#4 /Users/dxc2762/Documents/gitHub/vgdt-admin/system/CodeIgniter.php(914): App\Controllers\Brokers->index()
#5 /Users/dxc2762/Documents/gitHub/vgdt-admin/system/CodeIgniter.php(400): CodeIgniter\CodeIgniter->runController(Object(App\Controllers\Brokers))
#6 /Users/dxc2762/Documents/gitHub/vgdt-admin/system/CodeIgniter.php(308): CodeIgniter\CodeIgniter->handleRequest(NULL, Object(Config\Cache), false)
#7 /Users/dxc2762/Documents/gitHub/vgdt-admin/public/index.php(45): CodeIgniter\CodeIgniter->run()
#8 {main}
CRITICAL - 2020-07-12 17:00:10 --> Class 'App\Services\BrokerService' not found
#0 /Users/dxc2762/Documents/gitHub/vgdt-admin/system/CodeIgniter.php(914): App\Controllers\Brokers->index()
#1 /Users/dxc2762/Documents/gitHub/vgdt-admin/system/CodeIgniter.php(400): CodeIgniter\CodeIgniter->runController(Object(App\Controllers\Brokers))
#2 /Users/dxc2762/Documents/gitHub/vgdt-admin/system/CodeIgniter.php(308): CodeIgniter\CodeIgniter->handleRequest(NULL, Object(Config\Cache), false)
#3 /Users/dxc2762/Documents/gitHub/vgdt-admin/public/index.php(45): CodeIgniter\CodeIgniter->run()
#4 {main}
