CRITICAL - 2020-09-14 16:22:06 --> Access denied for user '****'@'localhost' (using password: YES)
#0 /Users/bigDuro/Documents/gitHub/vgdt-admin/codeigniter4/system/Database/BaseConnection.php(377): CodeIgniter\Database\MySQLi\Connection->connect(false)
#1 /Users/bigDuro/Documents/gitHub/vgdt-admin/codeigniter4/system/Database/BaseConnection.php(643): CodeIgniter\Database\BaseConnection->initialize()
#2 /Users/bigDuro/Documents/gitHub/vgdt-admin/codeigniter4/system/Database/BaseBuilder.php(1845): CodeIgniter\Database\BaseConnection->query('SELECT *\nFROM `...', Array, false)
#3 /Users/bigDuro/Documents/gitHub/vgdt-admin/codeigniter4/system/Model.php(445): CodeIgniter\Database\BaseBuilder->get()
#4 /Users/bigDuro/Documents/gitHub/vgdt-admin/codeigniter4/app/Services/LoadService.php(14): CodeIgniter\Model->findAll()
#5 /Users/bigDuro/Documents/gitHub/vgdt-admin/codeigniter4/app/Controllers/Loads.php(20): App\Services\LoadService->getLoads()
#6 /Users/bigDuro/Documents/gitHub/vgdt-admin/codeigniter4/system/CodeIgniter.php(914): App\Controllers\Loads->index()
#7 /Users/bigDuro/Documents/gitHub/vgdt-admin/codeigniter4/system/CodeIgniter.php(400): CodeIgniter\CodeIgniter->runController(Object(App\Controllers\Loads))
#8 /Users/bigDuro/Documents/gitHub/vgdt-admin/codeigniter4/system/CodeIgniter.php(308): CodeIgniter\CodeIgniter->handleRequest(NULL, Object(Config\Cache), false)
#9 /Users/bigDuro/Documents/gitHub/vgdt-admin/public/api/index.php(45): CodeIgniter\CodeIgniter->run()
#10 {main}
CRITICAL - 2020-09-14 16:22:36 --> Access denied for user '****'@'localhost' (using password: YES)
#0 /Users/bigDuro/Documents/gitHub/vgdt-admin/codeigniter4/system/Database/BaseConnection.php(377): CodeIgniter\Database\MySQLi\Connection->connect(false)
#1 /Users/bigDuro/Documents/gitHub/vgdt-admin/codeigniter4/system/Database/BaseConnection.php(643): CodeIgniter\Database\BaseConnection->initialize()
#2 /Users/bigDuro/Documents/gitHub/vgdt-admin/codeigniter4/system/Database/BaseBuilder.php(1845): CodeIgniter\Database\BaseConnection->query('SELECT *\nFROM `...', Array, false)
#3 /Users/bigDuro/Documents/gitHub/vgdt-admin/codeigniter4/system/Model.php(445): CodeIgniter\Database\BaseBuilder->get()
#4 /Users/bigDuro/Documents/gitHub/vgdt-admin/codeigniter4/app/Services/LoadService.php(14): CodeIgniter\Model->findAll()
#5 /Users/bigDuro/Documents/gitHub/vgdt-admin/codeigniter4/app/Controllers/Loads.php(20): App\Services\LoadService->getLoads()
#6 /Users/bigDuro/Documents/gitHub/vgdt-admin/codeigniter4/system/CodeIgniter.php(914): App\Controllers\Loads->index()
#7 /Users/bigDuro/Documents/gitHub/vgdt-admin/codeigniter4/system/CodeIgniter.php(400): CodeIgniter\CodeIgniter->runController(Object(App\Controllers\Loads))
#8 /Users/bigDuro/Documents/gitHub/vgdt-admin/codeigniter4/system/CodeIgniter.php(308): CodeIgniter\CodeIgniter->handleRequest(NULL, Object(Config\Cache), false)
#9 /Users/bigDuro/Documents/gitHub/vgdt-admin/public/api/index.php(45): CodeIgniter\CodeIgniter->run()
#10 {main}
CRITICAL - 2020-09-14 16:22:43 --> Access denied for user '****'@'localhost' (using password: YES)
#0 /Users/bigDuro/Documents/gitHub/vgdt-admin/codeigniter4/system/Database/BaseConnection.php(377): CodeIgniter\Database\MySQLi\Connection->connect(false)
#1 /Users/bigDuro/Documents/gitHub/vgdt-admin/codeigniter4/system/Database/BaseConnection.php(643): CodeIgniter\Database\BaseConnection->initialize()
#2 /Users/bigDuro/Documents/gitHub/vgdt-admin/codeigniter4/system/Database/BaseBuilder.php(1845): CodeIgniter\Database\BaseConnection->query('SELECT *\nFROM `...', Array, false)
#3 /Users/bigDuro/Documents/gitHub/vgdt-admin/codeigniter4/system/Model.php(445): CodeIgniter\Database\BaseBuilder->get()
#4 /Users/bigDuro/Documents/gitHub/vgdt-admin/codeigniter4/app/Services/LoadService.php(14): CodeIgniter\Model->findAll()
#5 /Users/bigDuro/Documents/gitHub/vgdt-admin/codeigniter4/app/Controllers/Loads.php(20): App\Services\LoadService->getLoads()
#6 /Users/bigDuro/Documents/gitHub/vgdt-admin/codeigniter4/system/CodeIgniter.php(914): App\Controllers\Loads->index()
#7 /Users/bigDuro/Documents/gitHub/vgdt-admin/codeigniter4/system/CodeIgniter.php(400): CodeIgniter\CodeIgniter->runController(Object(App\Controllers\Loads))
#8 /Users/bigDuro/Documents/gitHub/vgdt-admin/codeigniter4/system/CodeIgniter.php(308): CodeIgniter\CodeIgniter->handleRequest(NULL, Object(Config\Cache), false)
#9 /Users/bigDuro/Documents/gitHub/vgdt-admin/public/api/index.php(45): CodeIgniter\CodeIgniter->run()
#10 {main}
CRITICAL - 2020-09-14 16:28:31 --> Access denied for user '****'@'localhost' (using password: YES)
#0 /Users/bigDuro/Documents/gitHub/vgdt-admin/codeigniter4/system/Database/BaseConnection.php(377): CodeIgniter\Database\MySQLi\Connection->connect(false)
#1 /Users/bigDuro/Documents/gitHub/vgdt-admin/codeigniter4/system/Database/BaseConnection.php(643): CodeIgniter\Database\BaseConnection->initialize()
#2 /Users/bigDuro/Documents/gitHub/vgdt-admin/codeigniter4/system/Database/BaseBuilder.php(1845): CodeIgniter\Database\BaseConnection->query('SELECT *\nFROM `...', Array, false)
#3 /Users/bigDuro/Documents/gitHub/vgdt-admin/codeigniter4/system/Model.php(445): CodeIgniter\Database\BaseBuilder->get()
#4 /Users/bigDuro/Documents/gitHub/vgdt-admin/codeigniter4/app/Services/LoadService.php(14): CodeIgniter\Model->findAll()
#5 /Users/bigDuro/Documents/gitHub/vgdt-admin/codeigniter4/app/Controllers/Loads.php(20): App\Services\LoadService->getLoads()
#6 /Users/bigDuro/Documents/gitHub/vgdt-admin/codeigniter4/system/CodeIgniter.php(914): App\Controllers\Loads->index()
#7 /Users/bigDuro/Documents/gitHub/vgdt-admin/codeigniter4/system/CodeIgniter.php(400): CodeIgniter\CodeIgniter->runController(Object(App\Controllers\Loads))
#8 /Users/bigDuro/Documents/gitHub/vgdt-admin/codeigniter4/system/CodeIgniter.php(308): CodeIgniter\CodeIgniter->handleRequest(NULL, Object(Config\Cache), false)
#9 /Users/bigDuro/Documents/gitHub/vgdt-admin/public/api/index.php(45): CodeIgniter\CodeIgniter->run()
#10 {main}
CRITICAL - 2020-09-14 16:28:38 --> Access denied for user '****'@'localhost' (using password: YES)
#0 /Users/bigDuro/Documents/gitHub/vgdt-admin/codeigniter4/system/Database/BaseConnection.php(377): CodeIgniter\Database\MySQLi\Connection->connect(false)
#1 /Users/bigDuro/Documents/gitHub/vgdt-admin/codeigniter4/system/Database/BaseConnection.php(643): CodeIgniter\Database\BaseConnection->initialize()
#2 /Users/bigDuro/Documents/gitHub/vgdt-admin/codeigniter4/system/Database/BaseBuilder.php(1845): CodeIgniter\Database\BaseConnection->query('SELECT *\nFROM `...', Array, false)
#3 /Users/bigDuro/Documents/gitHub/vgdt-admin/codeigniter4/system/Model.php(445): CodeIgniter\Database\BaseBuilder->get()
#4 /Users/bigDuro/Documents/gitHub/vgdt-admin/codeigniter4/app/Services/UserService.php(14): CodeIgniter\Model->findAll()
#5 /Users/bigDuro/Documents/gitHub/vgdt-admin/codeigniter4/app/Controllers/Users.php(20): App\Services\UserService->getUsers()
#6 /Users/bigDuro/Documents/gitHub/vgdt-admin/codeigniter4/system/CodeIgniter.php(914): App\Controllers\Users->index()
#7 /Users/bigDuro/Documents/gitHub/vgdt-admin/codeigniter4/system/CodeIgniter.php(400): CodeIgniter\CodeIgniter->runController(Object(App\Controllers\Users))
#8 /Users/bigDuro/Documents/gitHub/vgdt-admin/codeigniter4/system/CodeIgniter.php(308): CodeIgniter\CodeIgniter->handleRequest(NULL, Object(Config\Cache), false)
#9 /Users/bigDuro/Documents/gitHub/vgdt-admin/public/api/index.php(45): CodeIgniter\CodeIgniter->run()
#10 {main}
CRITICAL - 2020-09-14 16:28:42 --> Access denied for user '****'@'localhost' (using password: YES)
#0 /Users/bigDuro/Documents/gitHub/vgdt-admin/codeigniter4/system/Database/BaseConnection.php(377): CodeIgniter\Database\MySQLi\Connection->connect(false)
#1 /Users/bigDuro/Documents/gitHub/vgdt-admin/codeigniter4/system/Database/BaseConnection.php(643): CodeIgniter\Database\BaseConnection->initialize()
#2 /Users/bigDuro/Documents/gitHub/vgdt-admin/codeigniter4/system/Database/BaseBuilder.php(1845): CodeIgniter\Database\BaseConnection->query('SELECT *\nFROM `...', Array, false)
#3 /Users/bigDuro/Documents/gitHub/vgdt-admin/codeigniter4/system/Model.php(445): CodeIgniter\Database\BaseBuilder->get()
#4 /Users/bigDuro/Documents/gitHub/vgdt-admin/codeigniter4/app/Services/BrokerService.php(14): CodeIgniter\Model->findAll()
#5 /Users/bigDuro/Documents/gitHub/vgdt-admin/codeigniter4/app/Controllers/Brokers.php(20): App\Services\BrokerService->getBrokers()
#6 /Users/bigDuro/Documents/gitHub/vgdt-admin/codeigniter4/system/CodeIgniter.php(914): App\Controllers\Brokers->index()
#7 /Users/bigDuro/Documents/gitHub/vgdt-admin/codeigniter4/system/CodeIgniter.php(400): CodeIgniter\CodeIgniter->runController(Object(App\Controllers\Brokers))
#8 /Users/bigDuro/Documents/gitHub/vgdt-admin/codeigniter4/system/CodeIgniter.php(308): CodeIgniter\CodeIgniter->handleRequest(NULL, Object(Config\Cache), false)
#9 /Users/bigDuro/Documents/gitHub/vgdt-admin/public/api/index.php(45): CodeIgniter\CodeIgniter->run()
#10 {main}
CRITICAL - 2020-09-14 16:30:05 --> Access denied for user '****'@'localhost' (using password: YES)
#0 /Users/bigDuro/Documents/gitHub/vgdt-admin/codeigniter4/system/Database/BaseConnection.php(377): CodeIgniter\Database\MySQLi\Connection->connect(false)
#1 /Users/bigDuro/Documents/gitHub/vgdt-admin/codeigniter4/system/Database/BaseConnection.php(643): CodeIgniter\Database\BaseConnection->initialize()
#2 /Users/bigDuro/Documents/gitHub/vgdt-admin/codeigniter4/system/Database/BaseBuilder.php(1845): CodeIgniter\Database\BaseConnection->query('SELECT *\nFROM `...', Array, false)
#3 /Users/bigDuro/Documents/gitHub/vgdt-admin/codeigniter4/system/Model.php(445): CodeIgniter\Database\BaseBuilder->get()
#4 /Users/bigDuro/Documents/gitHub/vgdt-admin/codeigniter4/app/Services/BrokerService.php(14): CodeIgniter\Model->findAll()
#5 /Users/bigDuro/Documents/gitHub/vgdt-admin/codeigniter4/app/Controllers/Brokers.php(20): App\Services\BrokerService->getBrokers()
#6 /Users/bigDuro/Documents/gitHub/vgdt-admin/codeigniter4/system/CodeIgniter.php(914): App\Controllers\Brokers->index()
#7 /Users/bigDuro/Documents/gitHub/vgdt-admin/codeigniter4/system/CodeIgniter.php(400): CodeIgniter\CodeIgniter->runController(Object(App\Controllers\Brokers))
#8 /Users/bigDuro/Documents/gitHub/vgdt-admin/codeigniter4/system/CodeIgniter.php(308): CodeIgniter\CodeIgniter->handleRequest(NULL, Object(Config\Cache), false)
#9 /Users/bigDuro/Documents/gitHub/vgdt-admin/public/api/index.php(45): CodeIgniter\CodeIgniter->run()
#10 {main}
CRITICAL - 2020-09-14 16:34:32 --> Access denied for user '****'@'localhost' (using password: YES)
#0 /Users/bigDuro/Documents/gitHub/vgdt-admin/codeigniter4/system/Database/BaseConnection.php(377): CodeIgniter\Database\MySQLi\Connection->connect(false)
#1 /Users/bigDuro/Documents/gitHub/vgdt-admin/codeigniter4/system/Database/BaseConnection.php(643): CodeIgniter\Database\BaseConnection->initialize()
#2 /Users/bigDuro/Documents/gitHub/vgdt-admin/codeigniter4/system/Database/BaseBuilder.php(1845): CodeIgniter\Database\BaseConnection->query('SELECT *\nFROM `...', Array, false)
#3 /Users/bigDuro/Documents/gitHub/vgdt-admin/codeigniter4/system/Model.php(445): CodeIgniter\Database\BaseBuilder->get()
#4 /Users/bigDuro/Documents/gitHub/vgdt-admin/codeigniter4/app/Services/BrokerService.php(14): CodeIgniter\Model->findAll()
#5 /Users/bigDuro/Documents/gitHub/vgdt-admin/codeigniter4/app/Controllers/Brokers.php(20): App\Services\BrokerService->getBrokers()
#6 /Users/bigDuro/Documents/gitHub/vgdt-admin/codeigniter4/system/CodeIgniter.php(914): App\Controllers\Brokers->index()
#7 /Users/bigDuro/Documents/gitHub/vgdt-admin/codeigniter4/system/CodeIgniter.php(400): CodeIgniter\CodeIgniter->runController(Object(App\Controllers\Brokers))
#8 /Users/bigDuro/Documents/gitHub/vgdt-admin/codeigniter4/system/CodeIgniter.php(308): CodeIgniter\CodeIgniter->handleRequest(NULL, Object(Config\Cache), false)
#9 /Users/bigDuro/Documents/gitHub/vgdt-admin/public/api/index.php(45): CodeIgniter\CodeIgniter->run()
#10 {main}
CRITICAL - 2020-09-14 16:34:42 --> Access denied for user '****'@'localhost' (using password: YES)
#0 /Users/bigDuro/Documents/gitHub/vgdt-admin/codeigniter4/system/Database/BaseConnection.php(377): CodeIgniter\Database\MySQLi\Connection->connect(false)
#1 /Users/bigDuro/Documents/gitHub/vgdt-admin/codeigniter4/system/Database/BaseConnection.php(643): CodeIgniter\Database\BaseConnection->initialize()
#2 /Users/bigDuro/Documents/gitHub/vgdt-admin/codeigniter4/system/Database/BaseBuilder.php(1845): CodeIgniter\Database\BaseConnection->query('SELECT *\nFROM `...', Array, false)
#3 /Users/bigDuro/Documents/gitHub/vgdt-admin/codeigniter4/system/Model.php(445): CodeIgniter\Database\BaseBuilder->get()
#4 /Users/bigDuro/Documents/gitHub/vgdt-admin/codeigniter4/app/Services/LoadService.php(14): CodeIgniter\Model->findAll()
#5 /Users/bigDuro/Documents/gitHub/vgdt-admin/codeigniter4/app/Controllers/Loads.php(20): App\Services\LoadService->getLoads()
#6 /Users/bigDuro/Documents/gitHub/vgdt-admin/codeigniter4/system/CodeIgniter.php(914): App\Controllers\Loads->index()
#7 /Users/bigDuro/Documents/gitHub/vgdt-admin/codeigniter4/system/CodeIgniter.php(400): CodeIgniter\CodeIgniter->runController(Object(App\Controllers\Loads))
#8 /Users/bigDuro/Documents/gitHub/vgdt-admin/codeigniter4/system/CodeIgniter.php(308): CodeIgniter\CodeIgniter->handleRequest(NULL, Object(Config\Cache), false)
#9 /Users/bigDuro/Documents/gitHub/vgdt-admin/public/api/index.php(45): CodeIgniter\CodeIgniter->run()
#10 {main}
CRITICAL - 2020-09-14 16:35:16 --> Access denied for user '****'@'localhost' (using password: YES)
#0 /Users/bigDuro/Documents/gitHub/vgdt-admin/codeigniter4/system/Database/BaseConnection.php(377): CodeIgniter\Database\MySQLi\Connection->connect(false)
#1 /Users/bigDuro/Documents/gitHub/vgdt-admin/codeigniter4/system/Database/BaseConnection.php(643): CodeIgniter\Database\BaseConnection->initialize()
#2 /Users/bigDuro/Documents/gitHub/vgdt-admin/codeigniter4/system/Database/BaseBuilder.php(1845): CodeIgniter\Database\BaseConnection->query('SELECT *\nFROM `...', Array, false)
#3 /Users/bigDuro/Documents/gitHub/vgdt-admin/codeigniter4/system/Model.php(445): CodeIgniter\Database\BaseBuilder->get()
#4 /Users/bigDuro/Documents/gitHub/vgdt-admin/codeigniter4/app/Services/BrokerService.php(14): CodeIgniter\Model->findAll()
#5 /Users/bigDuro/Documents/gitHub/vgdt-admin/codeigniter4/app/Controllers/Brokers.php(20): App\Services\BrokerService->getBrokers()
#6 /Users/bigDuro/Documents/gitHub/vgdt-admin/codeigniter4/system/CodeIgniter.php(914): App\Controllers\Brokers->index()
#7 /Users/bigDuro/Documents/gitHub/vgdt-admin/codeigniter4/system/CodeIgniter.php(400): CodeIgniter\CodeIgniter->runController(Object(App\Controllers\Brokers))
#8 /Users/bigDuro/Documents/gitHub/vgdt-admin/codeigniter4/system/CodeIgniter.php(308): CodeIgniter\CodeIgniter->handleRequest(NULL, Object(Config\Cache), false)
#9 /Users/bigDuro/Documents/gitHub/vgdt-admin/public/api/index.php(45): CodeIgniter\CodeIgniter->run()
#10 {main}
CRITICAL - 2020-09-14 16:57:24 --> Access denied for user '****'@'localhost' (using password: YES)
#0 /Users/bigDuro/Documents/gitHub/vgdt-admin/codeigniter4/system/Database/BaseConnection.php(377): CodeIgniter\Database\MySQLi\Connection->connect(false)
#1 /Users/bigDuro/Documents/gitHub/vgdt-admin/codeigniter4/system/Database/BaseConnection.php(643): CodeIgniter\Database\BaseConnection->initialize()
#2 /Users/bigDuro/Documents/gitHub/vgdt-admin/codeigniter4/system/Database/BaseBuilder.php(1845): CodeIgniter\Database\BaseConnection->query('SELECT *\nFROM `...', Array, false)
#3 /Users/bigDuro/Documents/gitHub/vgdt-admin/codeigniter4/system/Model.php(445): CodeIgniter\Database\BaseBuilder->get()
#4 /Users/bigDuro/Documents/gitHub/vgdt-admin/codeigniter4/app/Services/BrokerService.php(14): CodeIgniter\Model->findAll()
#5 /Users/bigDuro/Documents/gitHub/vgdt-admin/codeigniter4/app/Controllers/Brokers.php(20): App\Services\BrokerService->getBrokers()
#6 /Users/bigDuro/Documents/gitHub/vgdt-admin/codeigniter4/system/CodeIgniter.php(914): App\Controllers\Brokers->index()
#7 /Users/bigDuro/Documents/gitHub/vgdt-admin/codeigniter4/system/CodeIgniter.php(400): CodeIgniter\CodeIgniter->runController(Object(App\Controllers\Brokers))
#8 /Users/bigDuro/Documents/gitHub/vgdt-admin/codeigniter4/system/CodeIgniter.php(308): CodeIgniter\CodeIgniter->handleRequest(NULL, Object(Config\Cache), false)
#9 /Users/bigDuro/Documents/gitHub/vgdt-admin/public/api/index.php(45): CodeIgniter\CodeIgniter->run()
#10 {main}
CRITICAL - 2020-09-14 16:57:24 --> Access denied for user '****'@'localhost' (using password: YES)
#0 /Users/bigDuro/Documents/gitHub/vgdt-admin/codeigniter4/system/Database/BaseConnection.php(377): CodeIgniter\Database\MySQLi\Connection->connect(false)
#1 /Users/bigDuro/Documents/gitHub/vgdt-admin/codeigniter4/system/Database/BaseConnection.php(643): CodeIgniter\Database\BaseConnection->initialize()
#2 /Users/bigDuro/Documents/gitHub/vgdt-admin/codeigniter4/system/Database/BaseBuilder.php(1845): CodeIgniter\Database\BaseConnection->query('SELECT *\nFROM `...', Array, false)
#3 /Users/bigDuro/Documents/gitHub/vgdt-admin/codeigniter4/system/Model.php(445): CodeIgniter\Database\BaseBuilder->get()
#4 /Users/bigDuro/Documents/gitHub/vgdt-admin/codeigniter4/app/Services/LoadService.php(14): CodeIgniter\Model->findAll()
#5 /Users/bigDuro/Documents/gitHub/vgdt-admin/codeigniter4/app/Controllers/Loads.php(20): App\Services\LoadService->getLoads()
#6 /Users/bigDuro/Documents/gitHub/vgdt-admin/codeigniter4/system/CodeIgniter.php(914): App\Controllers\Loads->index()
#7 /Users/bigDuro/Documents/gitHub/vgdt-admin/codeigniter4/system/CodeIgniter.php(400): CodeIgniter\CodeIgniter->runController(Object(App\Controllers\Loads))
#8 /Users/bigDuro/Documents/gitHub/vgdt-admin/codeigniter4/system/CodeIgniter.php(308): CodeIgniter\CodeIgniter->handleRequest(NULL, Object(Config\Cache), false)
#9 /Users/bigDuro/Documents/gitHub/vgdt-admin/public/api/index.php(45): CodeIgniter\CodeIgniter->run()
#10 {main}
CRITICAL - 2020-09-14 16:57:33 --> Access denied for user '****'@'localhost' (using password: YES)
#0 /Users/bigDuro/Documents/gitHub/vgdt-admin/codeigniter4/system/Database/BaseConnection.php(377): CodeIgniter\Database\MySQLi\Connection->connect(false)
#1 /Users/bigDuro/Documents/gitHub/vgdt-admin/codeigniter4/system/Database/BaseConnection.php(643): CodeIgniter\Database\BaseConnection->initialize()
#2 /Users/bigDuro/Documents/gitHub/vgdt-admin/codeigniter4/system/Database/BaseBuilder.php(1845): CodeIgniter\Database\BaseConnection->query('SELECT *\nFROM `...', Array, false)
#3 /Users/bigDuro/Documents/gitHub/vgdt-admin/codeigniter4/system/Model.php(445): CodeIgniter\Database\BaseBuilder->get()
#4 /Users/bigDuro/Documents/gitHub/vgdt-admin/codeigniter4/app/Services/BrokerService.php(14): CodeIgniter\Model->findAll()
#5 /Users/bigDuro/Documents/gitHub/vgdt-admin/codeigniter4/app/Controllers/Brokers.php(20): App\Services\BrokerService->getBrokers()
#6 /Users/bigDuro/Documents/gitHub/vgdt-admin/codeigniter4/system/CodeIgniter.php(914): App\Controllers\Brokers->index()
#7 /Users/bigDuro/Documents/gitHub/vgdt-admin/codeigniter4/system/CodeIgniter.php(400): CodeIgniter\CodeIgniter->runController(Object(App\Controllers\Brokers))
#8 /Users/bigDuro/Documents/gitHub/vgdt-admin/codeigniter4/system/CodeIgniter.php(308): CodeIgniter\CodeIgniter->handleRequest(NULL, Object(Config\Cache), false)
#9 /Users/bigDuro/Documents/gitHub/vgdt-admin/public/api/index.php(45): CodeIgniter\CodeIgniter->run()
#10 {main}
CRITICAL - 2020-09-14 16:57:33 --> Access denied for user '****'@'localhost' (using password: YES)
#0 /Users/bigDuro/Documents/gitHub/vgdt-admin/codeigniter4/system/Database/BaseConnection.php(377): CodeIgniter\Database\MySQLi\Connection->connect(false)
#1 /Users/bigDuro/Documents/gitHub/vgdt-admin/codeigniter4/system/Database/BaseConnection.php(643): CodeIgniter\Database\BaseConnection->initialize()
#2 /Users/bigDuro/Documents/gitHub/vgdt-admin/codeigniter4/system/Database/BaseBuilder.php(1845): CodeIgniter\Database\BaseConnection->query('SELECT *\nFROM `...', Array, false)
#3 /Users/bigDuro/Documents/gitHub/vgdt-admin/codeigniter4/system/Model.php(445): CodeIgniter\Database\BaseBuilder->get()
#4 /Users/bigDuro/Documents/gitHub/vgdt-admin/codeigniter4/app/Services/LoadService.php(14): CodeIgniter\Model->findAll()
#5 /Users/bigDuro/Documents/gitHub/vgdt-admin/codeigniter4/app/Controllers/Loads.php(20): App\Services\LoadService->getLoads()
#6 /Users/bigDuro/Documents/gitHub/vgdt-admin/codeigniter4/system/CodeIgniter.php(914): App\Controllers\Loads->index()
#7 /Users/bigDuro/Documents/gitHub/vgdt-admin/codeigniter4/system/CodeIgniter.php(400): CodeIgniter\CodeIgniter->runController(Object(App\Controllers\Loads))
#8 /Users/bigDuro/Documents/gitHub/vgdt-admin/codeigniter4/system/CodeIgniter.php(308): CodeIgniter\CodeIgniter->handleRequest(NULL, Object(Config\Cache), false)
#9 /Users/bigDuro/Documents/gitHub/vgdt-admin/public/api/index.php(45): CodeIgniter\CodeIgniter->run()
#10 {main}
CRITICAL - 2020-09-14 17:01:59 --> Access denied for user '****'@'localhost' (using password: YES)
#0 /Users/bigDuro/Documents/gitHub/vgdt-admin/codeigniter4/system/Database/BaseConnection.php(377): CodeIgniter\Database\MySQLi\Connection->connect(false)
#1 /Users/bigDuro/Documents/gitHub/vgdt-admin/codeigniter4/system/Database/BaseConnection.php(643): CodeIgniter\Database\BaseConnection->initialize()
#2 /Users/bigDuro/Documents/gitHub/vgdt-admin/codeigniter4/system/Database/BaseBuilder.php(1845): CodeIgniter\Database\BaseConnection->query('SELECT *\nFROM `...', Array, false)
#3 /Users/bigDuro/Documents/gitHub/vgdt-admin/codeigniter4/system/Model.php(445): CodeIgniter\Database\BaseBuilder->get()
#4 /Users/bigDuro/Documents/gitHub/vgdt-admin/codeigniter4/app/Services/BrokerService.php(14): CodeIgniter\Model->findAll()
#5 /Users/bigDuro/Documents/gitHub/vgdt-admin/codeigniter4/app/Controllers/Brokers.php(20): App\Services\BrokerService->getBrokers()
#6 /Users/bigDuro/Documents/gitHub/vgdt-admin/codeigniter4/system/CodeIgniter.php(914): App\Controllers\Brokers->index()
#7 /Users/bigDuro/Documents/gitHub/vgdt-admin/codeigniter4/system/CodeIgniter.php(400): CodeIgniter\CodeIgniter->runController(Object(App\Controllers\Brokers))
#8 /Users/bigDuro/Documents/gitHub/vgdt-admin/codeigniter4/system/CodeIgniter.php(308): CodeIgniter\CodeIgniter->handleRequest(NULL, Object(Config\Cache), false)
#9 /Users/bigDuro/Documents/gitHub/vgdt-admin/public/api/index.php(45): CodeIgniter\CodeIgniter->run()
#10 {main}
CRITICAL - 2020-09-14 17:03:40 --> Access denied for user '****'@'localhost' (using password: YES)
#0 /Users/bigDuro/Documents/gitHub/vgdt-admin/codeigniter4/system/Database/BaseConnection.php(377): CodeIgniter\Database\MySQLi\Connection->connect(false)
#1 /Users/bigDuro/Documents/gitHub/vgdt-admin/codeigniter4/system/Database/BaseConnection.php(643): CodeIgniter\Database\BaseConnection->initialize()
#2 /Users/bigDuro/Documents/gitHub/vgdt-admin/codeigniter4/system/Database/BaseBuilder.php(1845): CodeIgniter\Database\BaseConnection->query('SELECT *\nFROM `...', Array, false)
#3 /Users/bigDuro/Documents/gitHub/vgdt-admin/codeigniter4/system/Model.php(445): CodeIgniter\Database\BaseBuilder->get()
#4 /Users/bigDuro/Documents/gitHub/vgdt-admin/codeigniter4/app/Services/BrokerService.php(14): CodeIgniter\Model->findAll()
#5 /Users/bigDuro/Documents/gitHub/vgdt-admin/codeigniter4/app/Controllers/Brokers.php(20): App\Services\BrokerService->getBrokers()
#6 /Users/bigDuro/Documents/gitHub/vgdt-admin/codeigniter4/system/CodeIgniter.php(914): App\Controllers\Brokers->index()
#7 /Users/bigDuro/Documents/gitHub/vgdt-admin/codeigniter4/system/CodeIgniter.php(400): CodeIgniter\CodeIgniter->runController(Object(App\Controllers\Brokers))
#8 /Users/bigDuro/Documents/gitHub/vgdt-admin/codeigniter4/system/CodeIgniter.php(308): CodeIgniter\CodeIgniter->handleRequest(NULL, Object(Config\Cache), false)
#9 /Users/bigDuro/Documents/gitHub/vgdt-admin/public/api/index.php(45): CodeIgniter\CodeIgniter->run()
#10 {main}
CRITICAL - 2020-09-14 17:03:42 --> Access denied for user '****'@'localhost' (using password: YES)
#0 /Users/bigDuro/Documents/gitHub/vgdt-admin/codeigniter4/system/Database/BaseConnection.php(377): CodeIgniter\Database\MySQLi\Connection->connect(false)
#1 /Users/bigDuro/Documents/gitHub/vgdt-admin/codeigniter4/system/Database/BaseConnection.php(643): CodeIgniter\Database\BaseConnection->initialize()
#2 /Users/bigDuro/Documents/gitHub/vgdt-admin/codeigniter4/system/Database/BaseBuilder.php(1845): CodeIgniter\Database\BaseConnection->query('SELECT *\nFROM `...', Array, false)
#3 /Users/bigDuro/Documents/gitHub/vgdt-admin/codeigniter4/system/Model.php(445): CodeIgniter\Database\BaseBuilder->get()
#4 /Users/bigDuro/Documents/gitHub/vgdt-admin/codeigniter4/app/Services/BrokerService.php(14): CodeIgniter\Model->findAll()
#5 /Users/bigDuro/Documents/gitHub/vgdt-admin/codeigniter4/app/Controllers/Brokers.php(20): App\Services\BrokerService->getBrokers()
#6 /Users/bigDuro/Documents/gitHub/vgdt-admin/codeigniter4/system/CodeIgniter.php(914): App\Controllers\Brokers->index()
#7 /Users/bigDuro/Documents/gitHub/vgdt-admin/codeigniter4/system/CodeIgniter.php(400): CodeIgniter\CodeIgniter->runController(Object(App\Controllers\Brokers))
#8 /Users/bigDuro/Documents/gitHub/vgdt-admin/codeigniter4/system/CodeIgniter.php(308): CodeIgniter\CodeIgniter->handleRequest(NULL, Object(Config\Cache), false)
#9 /Users/bigDuro/Documents/gitHub/vgdt-admin/public/api/index.php(45): CodeIgniter\CodeIgniter->run()
#10 {main}
CRITICAL - 2020-09-14 17:03:43 --> Access denied for user '****'@'localhost' (using password: YES)
#0 /Users/bigDuro/Documents/gitHub/vgdt-admin/codeigniter4/system/Database/BaseConnection.php(377): CodeIgniter\Database\MySQLi\Connection->connect(false)
#1 /Users/bigDuro/Documents/gitHub/vgdt-admin/codeigniter4/system/Database/BaseConnection.php(643): CodeIgniter\Database\BaseConnection->initialize()
#2 /Users/bigDuro/Documents/gitHub/vgdt-admin/codeigniter4/system/Database/BaseBuilder.php(1845): CodeIgniter\Database\BaseConnection->query('SELECT *\nFROM `...', Array, false)
#3 /Users/bigDuro/Documents/gitHub/vgdt-admin/codeigniter4/system/Model.php(445): CodeIgniter\Database\BaseBuilder->get()
#4 /Users/bigDuro/Documents/gitHub/vgdt-admin/codeigniter4/app/Services/BrokerService.php(14): CodeIgniter\Model->findAll()
#5 /Users/bigDuro/Documents/gitHub/vgdt-admin/codeigniter4/app/Controllers/Brokers.php(20): App\Services\BrokerService->getBrokers()
#6 /Users/bigDuro/Documents/gitHub/vgdt-admin/codeigniter4/system/CodeIgniter.php(914): App\Controllers\Brokers->index()
#7 /Users/bigDuro/Documents/gitHub/vgdt-admin/codeigniter4/system/CodeIgniter.php(400): CodeIgniter\CodeIgniter->runController(Object(App\Controllers\Brokers))
#8 /Users/bigDuro/Documents/gitHub/vgdt-admin/codeigniter4/system/CodeIgniter.php(308): CodeIgniter\CodeIgniter->handleRequest(NULL, Object(Config\Cache), false)
#9 /Users/bigDuro/Documents/gitHub/vgdt-admin/public/api/index.php(45): CodeIgniter\CodeIgniter->run()
#10 {main}
CRITICAL - 2020-09-14 17:03:49 --> Access denied for user '****'@'localhost' (using password: YES)
#0 /Users/bigDuro/Documents/gitHub/vgdt-admin/codeigniter4/system/Database/BaseConnection.php(377): CodeIgniter\Database\MySQLi\Connection->connect(false)
#1 /Users/bigDuro/Documents/gitHub/vgdt-admin/codeigniter4/system/Database/BaseConnection.php(643): CodeIgniter\Database\BaseConnection->initialize()
#2 /Users/bigDuro/Documents/gitHub/vgdt-admin/codeigniter4/system/Database/BaseBuilder.php(1845): CodeIgniter\Database\BaseConnection->query('SELECT *\nFROM `...', Array, false)
#3 /Users/bigDuro/Documents/gitHub/vgdt-admin/codeigniter4/system/Model.php(445): CodeIgniter\Database\BaseBuilder->get()
#4 /Users/bigDuro/Documents/gitHub/vgdt-admin/codeigniter4/app/Services/UserService.php(14): CodeIgniter\Model->findAll()
#5 /Users/bigDuro/Documents/gitHub/vgdt-admin/codeigniter4/app/Controllers/Users.php(20): App\Services\UserService->getUsers()
#6 /Users/bigDuro/Documents/gitHub/vgdt-admin/codeigniter4/system/CodeIgniter.php(914): App\Controllers\Users->index()
#7 /Users/bigDuro/Documents/gitHub/vgdt-admin/codeigniter4/system/CodeIgniter.php(400): CodeIgniter\CodeIgniter->runController(Object(App\Controllers\Users))
#8 /Users/bigDuro/Documents/gitHub/vgdt-admin/codeigniter4/system/CodeIgniter.php(308): CodeIgniter\CodeIgniter->handleRequest(NULL, Object(Config\Cache), false)
#9 /Users/bigDuro/Documents/gitHub/vgdt-admin/public/api/index.php(45): CodeIgniter\CodeIgniter->run()
#10 {main}
CRITICAL - 2020-09-14 17:03:55 --> Access denied for user '****'@'localhost' (using password: YES)
#0 /Users/bigDuro/Documents/gitHub/vgdt-admin/codeigniter4/system/Database/BaseConnection.php(377): CodeIgniter\Database\MySQLi\Connection->connect(false)
#1 /Users/bigDuro/Documents/gitHub/vgdt-admin/codeigniter4/system/Database/BaseConnection.php(643): CodeIgniter\Database\BaseConnection->initialize()
#2 /Users/bigDuro/Documents/gitHub/vgdt-admin/codeigniter4/system/Database/BaseBuilder.php(1845): CodeIgniter\Database\BaseConnection->query('SELECT *\nFROM `...', Array, false)
#3 /Users/bigDuro/Documents/gitHub/vgdt-admin/codeigniter4/system/Model.php(445): CodeIgniter\Database\BaseBuilder->get()
#4 /Users/bigDuro/Documents/gitHub/vgdt-admin/codeigniter4/app/Services/BrokerService.php(14): CodeIgniter\Model->findAll()
#5 /Users/bigDuro/Documents/gitHub/vgdt-admin/codeigniter4/app/Controllers/Brokers.php(20): App\Services\BrokerService->getBrokers()
#6 /Users/bigDuro/Documents/gitHub/vgdt-admin/codeigniter4/system/CodeIgniter.php(914): App\Controllers\Brokers->index()
#7 /Users/bigDuro/Documents/gitHub/vgdt-admin/codeigniter4/system/CodeIgniter.php(400): CodeIgniter\CodeIgniter->runController(Object(App\Controllers\Brokers))
#8 /Users/bigDuro/Documents/gitHub/vgdt-admin/codeigniter4/system/CodeIgniter.php(308): CodeIgniter\CodeIgniter->handleRequest(NULL, Object(Config\Cache), false)
#9 /Users/bigDuro/Documents/gitHub/vgdt-admin/public/api/index.php(45): CodeIgniter\CodeIgniter->run()
#10 {main}
