CRITICAL - 2020-09-20 10:38:07 --> Argument 2 passed to CodeIgniter\HTTP\Response::setJSON() must be of the type bool, array given, called in /Users/bigDuro/Documents/gitHub/vgdt-admin/codeigniter4/app/Controllers/Utils.php on line 66
#0 /Users/bigDuro/Documents/gitHub/vgdt-admin/codeigniter4/app/Controllers/Utils.php(66): CodeIgniter\HTTP\Response->setJSON(Array, Array)
#1 /Users/bigDuro/Documents/gitHub/vgdt-admin/codeigniter4/system/CodeIgniter.php(914): App\Controllers\Utils->export()
#2 /Users/bigDuro/Documents/gitHub/vgdt-admin/codeigniter4/system/CodeIgniter.php(400): CodeIgniter\CodeIgniter->runController(Object(App\Controllers\Utils))
#3 /Users/bigDuro/Documents/gitHub/vgdt-admin/codeigniter4/system/CodeIgniter.php(308): CodeIgniter\CodeIgniter->handleRequest(NULL, Object(Config\Cache), false)
#4 /Users/bigDuro/Documents/gitHub/vgdt-admin/public/api/index.php(45): CodeIgniter\CodeIgniter->run()
#5 {main}
CRITICAL - 2020-09-20 10:42:07 --> Object of class stdClass could not be converted to string
#0 /Users/bigDuro/Documents/gitHub/vgdt-admin/codeigniter4/app/Controllers/Utils.php(62): fputcsv(Resource id #74, Array)
#1 /Users/bigDuro/Documents/gitHub/vgdt-admin/codeigniter4/system/CodeIgniter.php(914): App\Controllers\Utils->export()
#2 /Users/bigDuro/Documents/gitHub/vgdt-admin/codeigniter4/system/CodeIgniter.php(400): CodeIgniter\CodeIgniter->runController(Object(App\Controllers\Utils))
#3 /Users/bigDuro/Documents/gitHub/vgdt-admin/codeigniter4/system/CodeIgniter.php(308): CodeIgniter\CodeIgniter->handleRequest(NULL, Object(Config\Cache), false)
#4 /Users/bigDuro/Documents/gitHub/vgdt-admin/public/api/index.php(45): CodeIgniter\CodeIgniter->run()
#5 {main}
CRITICAL - 2020-09-20 10:42:24 --> Object of class stdClass could not be converted to string
#0 /Users/bigDuro/Documents/gitHub/vgdt-admin/codeigniter4/app/Controllers/Utils.php(62): fputcsv(Resource id #74, Array)
#1 /Users/bigDuro/Documents/gitHub/vgdt-admin/codeigniter4/system/CodeIgniter.php(914): App\Controllers\Utils->export()
#2 /Users/bigDuro/Documents/gitHub/vgdt-admin/codeigniter4/system/CodeIgniter.php(400): CodeIgniter\CodeIgniter->runController(Object(App\Controllers\Utils))
#3 /Users/bigDuro/Documents/gitHub/vgdt-admin/codeigniter4/system/CodeIgniter.php(308): CodeIgniter\CodeIgniter->handleRequest(NULL, Object(Config\Cache), false)
#4 /Users/bigDuro/Documents/gitHub/vgdt-admin/public/api/index.php(45): CodeIgniter\CodeIgniter->run()
#5 {main}
CRITICAL - 2020-09-20 10:43:00 --> Object of class stdClass could not be converted to string
#0 /Users/bigDuro/Documents/gitHub/vgdt-admin/codeigniter4/app/Controllers/Utils.php(62): fputcsv(Resource id #74, Array)
#1 /Users/bigDuro/Documents/gitHub/vgdt-admin/codeigniter4/system/CodeIgniter.php(914): App\Controllers\Utils->export()
#2 /Users/bigDuro/Documents/gitHub/vgdt-admin/codeigniter4/system/CodeIgniter.php(400): CodeIgniter\CodeIgniter->runController(Object(App\Controllers\Utils))
#3 /Users/bigDuro/Documents/gitHub/vgdt-admin/codeigniter4/system/CodeIgniter.php(308): CodeIgniter\CodeIgniter->handleRequest(NULL, Object(Config\Cache), false)
#4 /Users/bigDuro/Documents/gitHub/vgdt-admin/public/api/index.php(45): CodeIgniter\CodeIgniter->run()
#5 {main}
CRITICAL - 2020-09-20 10:45:18 --> Object of class stdClass could not be converted to string
#0 /Users/bigDuro/Documents/gitHub/vgdt-admin/codeigniter4/app/Controllers/Utils.php(60): fputcsv(Resource id #74, Array)
#1 /Users/bigDuro/Documents/gitHub/vgdt-admin/codeigniter4/system/CodeIgniter.php(914): App\Controllers\Utils->export()
#2 /Users/bigDuro/Documents/gitHub/vgdt-admin/codeigniter4/system/CodeIgniter.php(400): CodeIgniter\CodeIgniter->runController(Object(App\Controllers\Utils))
#3 /Users/bigDuro/Documents/gitHub/vgdt-admin/codeigniter4/system/CodeIgniter.php(308): CodeIgniter\CodeIgniter->handleRequest(NULL, Object(Config\Cache), false)
#4 /Users/bigDuro/Documents/gitHub/vgdt-admin/public/api/index.php(45): CodeIgniter\CodeIgniter->run()
#5 {main}
CRITICAL - 2020-09-20 10:46:53 --> Object of class stdClass could not be converted to string
#0 /Users/bigDuro/Documents/gitHub/vgdt-admin/codeigniter4/app/Controllers/Utils.php(60): fputcsv(Resource id #74, Array)
#1 /Users/bigDuro/Documents/gitHub/vgdt-admin/codeigniter4/system/CodeIgniter.php(914): App\Controllers\Utils->export()
#2 /Users/bigDuro/Documents/gitHub/vgdt-admin/codeigniter4/system/CodeIgniter.php(400): CodeIgniter\CodeIgniter->runController(Object(App\Controllers\Utils))
#3 /Users/bigDuro/Documents/gitHub/vgdt-admin/codeigniter4/system/CodeIgniter.php(308): CodeIgniter\CodeIgniter->handleRequest(NULL, Object(Config\Cache), false)
#4 /Users/bigDuro/Documents/gitHub/vgdt-admin/public/api/index.php(45): CodeIgniter\CodeIgniter->run()
#5 {main}
CRITICAL - 2020-09-20 10:49:13 --> Object of class stdClass could not be converted to string
#0 /Users/bigDuro/Documents/gitHub/vgdt-admin/codeigniter4/app/Controllers/Utils.php(60): fputcsv(Resource id #74, Array)
#1 /Users/bigDuro/Documents/gitHub/vgdt-admin/codeigniter4/system/CodeIgniter.php(914): App\Controllers\Utils->export()
#2 /Users/bigDuro/Documents/gitHub/vgdt-admin/codeigniter4/system/CodeIgniter.php(400): CodeIgniter\CodeIgniter->runController(Object(App\Controllers\Utils))
#3 /Users/bigDuro/Documents/gitHub/vgdt-admin/codeigniter4/system/CodeIgniter.php(308): CodeIgniter\CodeIgniter->handleRequest(NULL, Object(Config\Cache), false)
#4 /Users/bigDuro/Documents/gitHub/vgdt-admin/public/api/index.php(45): CodeIgniter\CodeIgniter->run()
#5 {main}
CRITICAL - 2020-09-20 10:49:37 --> Object of class stdClass could not be converted to string
#0 /Users/bigDuro/Documents/gitHub/vgdt-admin/codeigniter4/app/Controllers/Utils.php(60): fputcsv(Resource id #74, Array)
#1 /Users/bigDuro/Documents/gitHub/vgdt-admin/codeigniter4/system/CodeIgniter.php(914): App\Controllers\Utils->export()
#2 /Users/bigDuro/Documents/gitHub/vgdt-admin/codeigniter4/system/CodeIgniter.php(400): CodeIgniter\CodeIgniter->runController(Object(App\Controllers\Utils))
#3 /Users/bigDuro/Documents/gitHub/vgdt-admin/codeigniter4/system/CodeIgniter.php(308): CodeIgniter\CodeIgniter->handleRequest(NULL, Object(Config\Cache), false)
#4 /Users/bigDuro/Documents/gitHub/vgdt-admin/public/api/index.php(45): CodeIgniter\CodeIgniter->run()
#5 {main}
CRITICAL - 2020-09-20 10:51:09 --> Object of class stdClass could not be converted to string
#0 /Users/bigDuro/Documents/gitHub/vgdt-admin/codeigniter4/app/Controllers/Utils.php(60): fputcsv(Resource id #74, Array)
#1 /Users/bigDuro/Documents/gitHub/vgdt-admin/codeigniter4/system/CodeIgniter.php(914): App\Controllers\Utils->export()
#2 /Users/bigDuro/Documents/gitHub/vgdt-admin/codeigniter4/system/CodeIgniter.php(400): CodeIgniter\CodeIgniter->runController(Object(App\Controllers\Utils))
#3 /Users/bigDuro/Documents/gitHub/vgdt-admin/codeigniter4/system/CodeIgniter.php(308): CodeIgniter\CodeIgniter->handleRequest(NULL, Object(Config\Cache), false)
#4 /Users/bigDuro/Documents/gitHub/vgdt-admin/public/api/index.php(45): CodeIgniter\CodeIgniter->run()
#5 {main}
CRITICAL - 2020-09-20 10:52:29 --> Object of class stdClass could not be converted to string
#0 /Users/bigDuro/Documents/gitHub/vgdt-admin/codeigniter4/system/CodeIgniter.php(914): App\Controllers\Utils->export()
#1 /Users/bigDuro/Documents/gitHub/vgdt-admin/codeigniter4/system/CodeIgniter.php(400): CodeIgniter\CodeIgniter->runController(Object(App\Controllers\Utils))
#2 /Users/bigDuro/Documents/gitHub/vgdt-admin/codeigniter4/system/CodeIgniter.php(308): CodeIgniter\CodeIgniter->handleRequest(NULL, Object(Config\Cache), false)
#3 /Users/bigDuro/Documents/gitHub/vgdt-admin/public/api/index.php(45): CodeIgniter\CodeIgniter->run()
#4 {main}
CRITICAL - 2020-09-20 10:53:59 --> Object of class stdClass could not be converted to string
#0 /Users/bigDuro/Documents/gitHub/vgdt-admin/codeigniter4/app/Controllers/Utils.php(55): App\Controllers\getheaders(Array)
#1 /Users/bigDuro/Documents/gitHub/vgdt-admin/codeigniter4/system/CodeIgniter.php(914): App\Controllers\Utils->export()
#2 /Users/bigDuro/Documents/gitHub/vgdt-admin/codeigniter4/system/CodeIgniter.php(400): CodeIgniter\CodeIgniter->runController(Object(App\Controllers\Utils))
#3 /Users/bigDuro/Documents/gitHub/vgdt-admin/codeigniter4/system/CodeIgniter.php(308): CodeIgniter\CodeIgniter->handleRequest(NULL, Object(Config\Cache), false)
#4 /Users/bigDuro/Documents/gitHub/vgdt-admin/public/api/index.php(45): CodeIgniter\CodeIgniter->run()
#5 {main}
CRITICAL - 2020-09-20 11:01:31 --> Object of class stdClass could not be converted to string
#0 /Users/bigDuro/Documents/gitHub/vgdt-admin/codeigniter4/system/CodeIgniter.php(914): App\Controllers\Utils->export()
#1 /Users/bigDuro/Documents/gitHub/vgdt-admin/codeigniter4/system/CodeIgniter.php(400): CodeIgniter\CodeIgniter->runController(Object(App\Controllers\Utils))
#2 /Users/bigDuro/Documents/gitHub/vgdt-admin/codeigniter4/system/CodeIgniter.php(308): CodeIgniter\CodeIgniter->handleRequest(NULL, Object(Config\Cache), false)
#3 /Users/bigDuro/Documents/gitHub/vgdt-admin/public/api/index.php(45): CodeIgniter\CodeIgniter->run()
#4 {main}
CRITICAL - 2020-09-20 11:02:53 --> syntax error, unexpected 'fclose' (T_STRING), expecting ';' or ','
#0 /Users/bigDuro/Documents/gitHub/vgdt-admin/codeigniter4/system/Router/Router.php(192): CodeIgniter\Router\Router->autoRoute('utils/export')
#1 /Users/bigDuro/Documents/gitHub/vgdt-admin/codeigniter4/system/CodeIgniter.php(789): CodeIgniter\Router\Router->handle('utils/export')
#2 /Users/bigDuro/Documents/gitHub/vgdt-admin/codeigniter4/system/CodeIgniter.php(360): CodeIgniter\CodeIgniter->tryToRouteIt(Object(CodeIgniter\Router\RouteCollection))
#3 /Users/bigDuro/Documents/gitHub/vgdt-admin/codeigniter4/system/CodeIgniter.php(308): CodeIgniter\CodeIgniter->handleRequest(NULL, Object(Config\Cache), false)
#4 /Users/bigDuro/Documents/gitHub/vgdt-admin/public/api/index.php(45): CodeIgniter\CodeIgniter->run()
#5 {main}
CRITICAL - 2020-09-20 11:03:15 --> syntax error, unexpected 'fclose' (T_STRING), expecting ';' or ','
#0 /Users/bigDuro/Documents/gitHub/vgdt-admin/codeigniter4/system/Router/Router.php(192): CodeIgniter\Router\Router->autoRoute('utils/export')
#1 /Users/bigDuro/Documents/gitHub/vgdt-admin/codeigniter4/system/CodeIgniter.php(789): CodeIgniter\Router\Router->handle('utils/export')
#2 /Users/bigDuro/Documents/gitHub/vgdt-admin/codeigniter4/system/CodeIgniter.php(360): CodeIgniter\CodeIgniter->tryToRouteIt(Object(CodeIgniter\Router\RouteCollection))
#3 /Users/bigDuro/Documents/gitHub/vgdt-admin/codeigniter4/system/CodeIgniter.php(308): CodeIgniter\CodeIgniter->handleRequest(NULL, Object(Config\Cache), false)
#4 /Users/bigDuro/Documents/gitHub/vgdt-admin/public/api/index.php(45): CodeIgniter\CodeIgniter->run()
#5 {main}
CRITICAL - 2020-09-20 11:05:29 --> Cannot use object of type stdClass as array
#0 /Users/bigDuro/Documents/gitHub/vgdt-admin/codeigniter4/system/CodeIgniter.php(914): App\Controllers\Utils->export()
#1 /Users/bigDuro/Documents/gitHub/vgdt-admin/codeigniter4/system/CodeIgniter.php(400): CodeIgniter\CodeIgniter->runController(Object(App\Controllers\Utils))
#2 /Users/bigDuro/Documents/gitHub/vgdt-admin/codeigniter4/system/CodeIgniter.php(308): CodeIgniter\CodeIgniter->handleRequest(NULL, Object(Config\Cache), false)
#3 /Users/bigDuro/Documents/gitHub/vgdt-admin/public/api/index.php(45): CodeIgniter\CodeIgniter->run()
#4 {main}
CRITICAL - 2020-09-20 11:05:38 --> Cannot use object of type stdClass as array
#0 /Users/bigDuro/Documents/gitHub/vgdt-admin/codeigniter4/system/CodeIgniter.php(914): App\Controllers\Utils->export()
#1 /Users/bigDuro/Documents/gitHub/vgdt-admin/codeigniter4/system/CodeIgniter.php(400): CodeIgniter\CodeIgniter->runController(Object(App\Controllers\Utils))
#2 /Users/bigDuro/Documents/gitHub/vgdt-admin/codeigniter4/system/CodeIgniter.php(308): CodeIgniter\CodeIgniter->handleRequest(NULL, Object(Config\Cache), false)
#3 /Users/bigDuro/Documents/gitHub/vgdt-admin/public/api/index.php(45): CodeIgniter\CodeIgniter->run()
#4 {main}
CRITICAL - 2020-09-20 11:08:20 --> Cannot use object of type stdClass as array
#0 /Users/bigDuro/Documents/gitHub/vgdt-admin/codeigniter4/system/CodeIgniter.php(914): App\Controllers\Utils->export()
#1 /Users/bigDuro/Documents/gitHub/vgdt-admin/codeigniter4/system/CodeIgniter.php(400): CodeIgniter\CodeIgniter->runController(Object(App\Controllers\Utils))
#2 /Users/bigDuro/Documents/gitHub/vgdt-admin/codeigniter4/system/CodeIgniter.php(308): CodeIgniter\CodeIgniter->handleRequest(NULL, Object(Config\Cache), false)
#3 /Users/bigDuro/Documents/gitHub/vgdt-admin/public/api/index.php(45): CodeIgniter\CodeIgniter->run()
#4 {main}
CRITICAL - 2020-09-20 11:12:21 --> fputcsv() expects parameter 2 to be array, string given
#0 [internal function]: CodeIgniter\Debug\Exceptions->errorHandler(2, 'fputcsv() expec...', '/Users/bigDuro/...', 61, Array)
#1 /Users/bigDuro/Documents/gitHub/vgdt-admin/codeigniter4/app/Controllers/Utils.php(61): fputcsv(Resource id #74, '59')
#2 /Users/bigDuro/Documents/gitHub/vgdt-admin/codeigniter4/system/CodeIgniter.php(914): App\Controllers\Utils->export()
#3 /Users/bigDuro/Documents/gitHub/vgdt-admin/codeigniter4/system/CodeIgniter.php(400): CodeIgniter\CodeIgniter->runController(Object(App\Controllers\Utils))
#4 /Users/bigDuro/Documents/gitHub/vgdt-admin/codeigniter4/system/CodeIgniter.php(308): CodeIgniter\CodeIgniter->handleRequest(NULL, Object(Config\Cache), false)
#5 /Users/bigDuro/Documents/gitHub/vgdt-admin/public/api/index.php(45): CodeIgniter\CodeIgniter->run()
#6 {main}
CRITICAL - 2020-09-20 11:12:37 --> fputcsv() expects parameter 2 to be array, string given
#0 [internal function]: CodeIgniter\Debug\Exceptions->errorHandler(2, 'fputcsv() expec...', '/Users/bigDuro/...', 61, Array)
#1 /Users/bigDuro/Documents/gitHub/vgdt-admin/codeigniter4/app/Controllers/Utils.php(61): fputcsv(Resource id #74, '59')
#2 /Users/bigDuro/Documents/gitHub/vgdt-admin/codeigniter4/system/CodeIgniter.php(914): App\Controllers\Utils->export()
#3 /Users/bigDuro/Documents/gitHub/vgdt-admin/codeigniter4/system/CodeIgniter.php(400): CodeIgniter\CodeIgniter->runController(Object(App\Controllers\Utils))
#4 /Users/bigDuro/Documents/gitHub/vgdt-admin/codeigniter4/system/CodeIgniter.php(308): CodeIgniter\CodeIgniter->handleRequest(NULL, Object(Config\Cache), false)
#5 /Users/bigDuro/Documents/gitHub/vgdt-admin/public/api/index.php(45): CodeIgniter\CodeIgniter->run()
#6 {main}
CRITICAL - 2020-09-20 11:16:45 --> Object of class stdClass could not be converted to string
#0 /Users/bigDuro/Documents/gitHub/vgdt-admin/codeigniter4/app/Controllers/Utils.php(57): fputcsv(Resource id #74, Array)
#1 /Users/bigDuro/Documents/gitHub/vgdt-admin/codeigniter4/system/CodeIgniter.php(914): App\Controllers\Utils->export()
#2 /Users/bigDuro/Documents/gitHub/vgdt-admin/codeigniter4/system/CodeIgniter.php(400): CodeIgniter\CodeIgniter->runController(Object(App\Controllers\Utils))
#3 /Users/bigDuro/Documents/gitHub/vgdt-admin/codeigniter4/system/CodeIgniter.php(308): CodeIgniter\CodeIgniter->handleRequest(NULL, Object(Config\Cache), false)
#4 /Users/bigDuro/Documents/gitHub/vgdt-admin/public/api/index.php(45): CodeIgniter\CodeIgniter->run()
#5 {main}
CRITICAL - 2020-09-20 11:16:59 --> fputcsv() expects parameter 2 to be array, object given
#0 [internal function]: CodeIgniter\Debug\Exceptions->errorHandler(2, 'fputcsv() expec...', '/Users/bigDuro/...', 57, Array)
#1 /Users/bigDuro/Documents/gitHub/vgdt-admin/codeigniter4/app/Controllers/Utils.php(57): fputcsv(Resource id #74, Object(stdClass))
#2 /Users/bigDuro/Documents/gitHub/vgdt-admin/codeigniter4/system/CodeIgniter.php(914): App\Controllers\Utils->export()
#3 /Users/bigDuro/Documents/gitHub/vgdt-admin/codeigniter4/system/CodeIgniter.php(400): CodeIgniter\CodeIgniter->runController(Object(App\Controllers\Utils))
#4 /Users/bigDuro/Documents/gitHub/vgdt-admin/codeigniter4/system/CodeIgniter.php(308): CodeIgniter\CodeIgniter->handleRequest(NULL, Object(Config\Cache), false)
#5 /Users/bigDuro/Documents/gitHub/vgdt-admin/public/api/index.php(45): CodeIgniter\CodeIgniter->run()
#6 {main}
CRITICAL - 2020-09-20 11:17:04 --> Object of class stdClass could not be converted to string
#0 /Users/bigDuro/Documents/gitHub/vgdt-admin/codeigniter4/app/Controllers/Utils.php(57): fputcsv(Resource id #74, Array)
#1 /Users/bigDuro/Documents/gitHub/vgdt-admin/codeigniter4/system/CodeIgniter.php(914): App\Controllers\Utils->export()
#2 /Users/bigDuro/Documents/gitHub/vgdt-admin/codeigniter4/system/CodeIgniter.php(400): CodeIgniter\CodeIgniter->runController(Object(App\Controllers\Utils))
#3 /Users/bigDuro/Documents/gitHub/vgdt-admin/codeigniter4/system/CodeIgniter.php(308): CodeIgniter\CodeIgniter->handleRequest(NULL, Object(Config\Cache), false)
#4 /Users/bigDuro/Documents/gitHub/vgdt-admin/public/api/index.php(45): CodeIgniter\CodeIgniter->run()
#5 {main}
CRITICAL - 2020-09-20 11:18:18 --> Cannot pass parameter 1 by reference
#0 /Users/bigDuro/Documents/gitHub/vgdt-admin/codeigniter4/app/Controllers/Utils.php(53): App\Controllers\getData(Array)
#1 /Users/bigDuro/Documents/gitHub/vgdt-admin/codeigniter4/system/CodeIgniter.php(914): App\Controllers\Utils->export()
#2 /Users/bigDuro/Documents/gitHub/vgdt-admin/codeigniter4/system/CodeIgniter.php(400): CodeIgniter\CodeIgniter->runController(Object(App\Controllers\Utils))
#3 /Users/bigDuro/Documents/gitHub/vgdt-admin/codeigniter4/system/CodeIgniter.php(308): CodeIgniter\CodeIgniter->handleRequest(NULL, Object(Config\Cache), false)
#4 /Users/bigDuro/Documents/gitHub/vgdt-admin/public/api/index.php(45): CodeIgniter\CodeIgniter->run()
#5 {main}
CRITICAL - 2020-09-20 11:18:31 --> syntax error, unexpected 'default' (T_DEFAULT)
#0 /Users/bigDuro/Documents/gitHub/vgdt-admin/codeigniter4/system/Router/Router.php(192): CodeIgniter\Router\Router->autoRoute('utils/export')
#1 /Users/bigDuro/Documents/gitHub/vgdt-admin/codeigniter4/system/CodeIgniter.php(789): CodeIgniter\Router\Router->handle('utils/export')
#2 /Users/bigDuro/Documents/gitHub/vgdt-admin/codeigniter4/system/CodeIgniter.php(360): CodeIgniter\CodeIgniter->tryToRouteIt(Object(CodeIgniter\Router\RouteCollection))
#3 /Users/bigDuro/Documents/gitHub/vgdt-admin/codeigniter4/system/CodeIgniter.php(308): CodeIgniter\CodeIgniter->handleRequest(NULL, Object(Config\Cache), false)
#4 /Users/bigDuro/Documents/gitHub/vgdt-admin/public/api/index.php(45): CodeIgniter\CodeIgniter->run()
#5 {main}
CRITICAL - 2020-09-20 11:18:44 --> syntax error, unexpected 'default' (T_DEFAULT)
#0 /Users/bigDuro/Documents/gitHub/vgdt-admin/codeigniter4/system/Router/Router.php(192): CodeIgniter\Router\Router->autoRoute('utils/export')
#1 /Users/bigDuro/Documents/gitHub/vgdt-admin/codeigniter4/system/CodeIgniter.php(789): CodeIgniter\Router\Router->handle('utils/export')
#2 /Users/bigDuro/Documents/gitHub/vgdt-admin/codeigniter4/system/CodeIgniter.php(360): CodeIgniter\CodeIgniter->tryToRouteIt(Object(CodeIgniter\Router\RouteCollection))
#3 /Users/bigDuro/Documents/gitHub/vgdt-admin/codeigniter4/system/CodeIgniter.php(308): CodeIgniter\CodeIgniter->handleRequest(NULL, Object(Config\Cache), false)
#4 /Users/bigDuro/Documents/gitHub/vgdt-admin/public/api/index.php(45): CodeIgniter\CodeIgniter->run()
#5 {main}
CRITICAL - 2020-09-20 11:19:10 --> fputcsv() expects parameter 2 to be array, string given
#0 [internal function]: CodeIgniter\Debug\Exceptions->errorHandler(2, 'fputcsv() expec...', '/Users/bigDuro/...', 60, Array)
#1 /Users/bigDuro/Documents/gitHub/vgdt-admin/codeigniter4/app/Controllers/Utils.php(60): fputcsv(Resource id #74, '59')
#2 /Users/bigDuro/Documents/gitHub/vgdt-admin/codeigniter4/system/CodeIgniter.php(914): App\Controllers\Utils->export()
#3 /Users/bigDuro/Documents/gitHub/vgdt-admin/codeigniter4/system/CodeIgniter.php(400): CodeIgniter\CodeIgniter->runController(Object(App\Controllers\Utils))
#4 /Users/bigDuro/Documents/gitHub/vgdt-admin/codeigniter4/system/CodeIgniter.php(308): CodeIgniter\CodeIgniter->handleRequest(NULL, Object(Config\Cache), false)
#5 /Users/bigDuro/Documents/gitHub/vgdt-admin/public/api/index.php(45): CodeIgniter\CodeIgniter->run()
#6 {main}
CRITICAL - 2020-09-20 11:20:03 --> fputcsv() expects parameter 2 to be array, int given
#0 [internal function]: CodeIgniter\Debug\Exceptions->errorHandler(2, 'fputcsv() expec...', '/Users/bigDuro/...', 60, Array)
#1 /Users/bigDuro/Documents/gitHub/vgdt-admin/codeigniter4/app/Controllers/Utils.php(60): fputcsv(Resource id #74, 0)
#2 /Users/bigDuro/Documents/gitHub/vgdt-admin/codeigniter4/system/CodeIgniter.php(914): App\Controllers\Utils->export()
#3 /Users/bigDuro/Documents/gitHub/vgdt-admin/codeigniter4/system/CodeIgniter.php(400): CodeIgniter\CodeIgniter->runController(Object(App\Controllers\Utils))
#4 /Users/bigDuro/Documents/gitHub/vgdt-admin/codeigniter4/system/CodeIgniter.php(308): CodeIgniter\CodeIgniter->handleRequest(NULL, Object(Config\Cache), false)
#5 /Users/bigDuro/Documents/gitHub/vgdt-admin/public/api/index.php(45): CodeIgniter\CodeIgniter->run()
#6 {main}
CRITICAL - 2020-09-20 11:20:14 --> fputcsv() expects parameter 2 to be array, string given
#0 [internal function]: CodeIgniter\Debug\Exceptions->errorHandler(2, 'fputcsv() expec...', '/Users/bigDuro/...', 60, Array)
#1 /Users/bigDuro/Documents/gitHub/vgdt-admin/codeigniter4/app/Controllers/Utils.php(60): fputcsv(Resource id #74, '59')
#2 /Users/bigDuro/Documents/gitHub/vgdt-admin/codeigniter4/system/CodeIgniter.php(914): App\Controllers\Utils->export()
#3 /Users/bigDuro/Documents/gitHub/vgdt-admin/codeigniter4/system/CodeIgniter.php(400): CodeIgniter\CodeIgniter->runController(Object(App\Controllers\Utils))
#4 /Users/bigDuro/Documents/gitHub/vgdt-admin/codeigniter4/system/CodeIgniter.php(308): CodeIgniter\CodeIgniter->handleRequest(NULL, Object(Config\Cache), false)
#5 /Users/bigDuro/Documents/gitHub/vgdt-admin/public/api/index.php(45): CodeIgniter\CodeIgniter->run()
#6 {main}
CRITICAL - 2020-09-20 11:20:21 --> fputcsv() expects parameter 2 to be array, string given
#0 [internal function]: CodeIgniter\Debug\Exceptions->errorHandler(2, 'fputcsv() expec...', '/Users/bigDuro/...', 60, Array)
#1 /Users/bigDuro/Documents/gitHub/vgdt-admin/codeigniter4/app/Controllers/Utils.php(60): fputcsv(Resource id #74, '5')
#2 /Users/bigDuro/Documents/gitHub/vgdt-admin/codeigniter4/system/CodeIgniter.php(914): App\Controllers\Utils->export()
#3 /Users/bigDuro/Documents/gitHub/vgdt-admin/codeigniter4/system/CodeIgniter.php(400): CodeIgniter\CodeIgniter->runController(Object(App\Controllers\Utils))
#4 /Users/bigDuro/Documents/gitHub/vgdt-admin/codeigniter4/system/CodeIgniter.php(308): CodeIgniter\CodeIgniter->handleRequest(NULL, Object(Config\Cache), false)
#5 /Users/bigDuro/Documents/gitHub/vgdt-admin/public/api/index.php(45): CodeIgniter\CodeIgniter->run()
#6 {main}
CRITICAL - 2020-09-20 11:22:27 --> fputcsv() expects parameter 2 to be array, string given
#0 [internal function]: CodeIgniter\Debug\Exceptions->errorHandler(2, 'fputcsv() expec...', '/Users/bigDuro/...', 58, Array)
#1 /Users/bigDuro/Documents/gitHub/vgdt-admin/codeigniter4/app/Controllers/Utils.php(58): fputcsv(Resource id #74, '59')
#2 /Users/bigDuro/Documents/gitHub/vgdt-admin/codeigniter4/system/CodeIgniter.php(914): App\Controllers\Utils->export()
#3 /Users/bigDuro/Documents/gitHub/vgdt-admin/codeigniter4/system/CodeIgniter.php(400): CodeIgniter\CodeIgniter->runController(Object(App\Controllers\Utils))
#4 /Users/bigDuro/Documents/gitHub/vgdt-admin/codeigniter4/system/CodeIgniter.php(308): CodeIgniter\CodeIgniter->handleRequest(NULL, Object(Config\Cache), false)
#5 /Users/bigDuro/Documents/gitHub/vgdt-admin/public/api/index.php(45): CodeIgniter\CodeIgniter->run()
#6 {main}
CRITICAL - 2020-09-20 11:24:58 --> Object of class stdClass could not be converted to string
#0 /Users/bigDuro/Documents/gitHub/vgdt-admin/codeigniter4/app/Controllers/Utils.php(59): fputcsv(Resource id #74, Array)
#1 /Users/bigDuro/Documents/gitHub/vgdt-admin/codeigniter4/system/CodeIgniter.php(914): App\Controllers\Utils->export()
#2 /Users/bigDuro/Documents/gitHub/vgdt-admin/codeigniter4/system/CodeIgniter.php(400): CodeIgniter\CodeIgniter->runController(Object(App\Controllers\Utils))
#3 /Users/bigDuro/Documents/gitHub/vgdt-admin/codeigniter4/system/CodeIgniter.php(308): CodeIgniter\CodeIgniter->handleRequest(NULL, Object(Config\Cache), false)
#4 /Users/bigDuro/Documents/gitHub/vgdt-admin/public/api/index.php(45): CodeIgniter\CodeIgniter->run()
#5 {main}
CRITICAL - 2020-09-20 11:25:26 --> Object of class stdClass could not be converted to string
#0 /Users/bigDuro/Documents/gitHub/vgdt-admin/codeigniter4/app/Controllers/Utils.php(55): App\Controllers\getData(Array)
#1 /Users/bigDuro/Documents/gitHub/vgdt-admin/codeigniter4/system/CodeIgniter.php(914): App\Controllers\Utils->export()
#2 /Users/bigDuro/Documents/gitHub/vgdt-admin/codeigniter4/system/CodeIgniter.php(400): CodeIgniter\CodeIgniter->runController(Object(App\Controllers\Utils))
#3 /Users/bigDuro/Documents/gitHub/vgdt-admin/codeigniter4/system/CodeIgniter.php(308): CodeIgniter\CodeIgniter->handleRequest(NULL, Object(Config\Cache), false)
#4 /Users/bigDuro/Documents/gitHub/vgdt-admin/public/api/index.php(45): CodeIgniter\CodeIgniter->run()
#5 {main}
CRITICAL - 2020-09-20 11:28:49 --> array_push() expects parameter 1 to be array, null given
#0 [internal function]: CodeIgniter\Debug\Exceptions->errorHandler(2, 'array_push() ex...', '/Users/bigDuro/...', 30, Array)
#1 /Users/bigDuro/Documents/gitHub/vgdt-admin/codeigniter4/app/Controllers/Utils.php(30): array_push(NULL, '59')
#2 /Users/bigDuro/Documents/gitHub/vgdt-admin/codeigniter4/app/Controllers/Utils.php(53): App\Controllers\getData(Array)
#3 /Users/bigDuro/Documents/gitHub/vgdt-admin/codeigniter4/system/CodeIgniter.php(914): App\Controllers\Utils->export()
#4 /Users/bigDuro/Documents/gitHub/vgdt-admin/codeigniter4/system/CodeIgniter.php(400): CodeIgniter\CodeIgniter->runController(Object(App\Controllers\Utils))
#5 /Users/bigDuro/Documents/gitHub/vgdt-admin/codeigniter4/system/CodeIgniter.php(308): CodeIgniter\CodeIgniter->handleRequest(NULL, Object(Config\Cache), false)
#6 /Users/bigDuro/Documents/gitHub/vgdt-admin/public/api/index.php(45): CodeIgniter\CodeIgniter->run()
#7 {main}
